TN:
SF:src/RSRegistry.sol
FN:113,RSRegistry.verify
FNDA:4,RSRegistry.verify
DA:123,4
DA:124,4
BRDA:124,0,0,-
BRDA:124,0,1,4
DA:126,4
DA:134,4
DA:136,4
FN:144,RSRegistry.register
FNDA:8,RSRegistry.register
DA:153,8
DA:154,8
BRDA:154,1,0,2
BRDA:154,1,1,6
DA:155,2
DA:157,6
DA:165,6
FN:174,RSRegistry.deploy
FNDA:6,RSRegistry.deploy
DA:183,6
DA:184,6
DA:185,6
DA:186,6
DA:194,6
FN:197,RSRegistry._tryPullAttestation
FNDA:14,RSRegistry._tryPullAttestation
DA:206,14
DA:212,14
BRDA:212,2,0,13
BRDA:212,2,1,1
DA:213,13
DA:215,1
FN:225,RSRegistry.fetchAttestation
FNDA:4,RSRegistry.fetchAttestation
DA:234,4
DA:235,4
DA:236,4
BRDA:236,3,0,-
BRDA:236,3,1,4
DA:237,4
DA:239,4
DA:240,14
DA:241,14
BRDA:241,4,0,10
BRDA:241,4,1,14
DA:242,14
BRDA:242,5,0,12
BRDA:242,5,1,4
DA:244,4
BRDA:244,6,0,2
BRDA:244,6,1,2
FN:253,RSRegistry.fetchAttestation
FNDA:2,RSRegistry.fetchAttestation
DA:262,2
DA:264,2
BRDA:264,7,0,-
BRDA:264,7,1,2
DA:267,2
DA:268,2
BRDA:268,8,0,-
BRDA:268,8,1,2
DA:269,0
DA:271,2
BRDA:271,9,0,-
BRDA:271,9,1,2
DA:272,0
DA:275,2
FN:285,RSRegistry.dispatchAttestation
FNDA:2,RSRegistry.dispatchAttestation
DA:295,2
DA:296,2
BRDA:296,10,0,-
BRDA:296,10,1,2
DA:297,0
DA:301,2
DA:310,2
DA:311,2
DA:313,2
DA:315,2
DA:317,2
FN:325,RSRegistry.receiveL1attestation
FNDA:2,RSRegistry.receiveL1attestation
DA:335,2
DA:336,2
BRDA:336,11,0,-
BRDA:336,11,1,2
DA:337,0
DA:340,2
DA:341,2
BRDA:341,12,0,2
BRDA:341,12,1,2
DA:342,2
DA:344,2
FN:350,RSRegistry.addAuthority
FNDA:0,RSRegistry.addAuthority
DA:351,0
FN:364,RSRegistry._register
FNDA:12,RSRegistry._register
DA:373,12
FNF:10
FNH:9
LF:54
LH:49
BRF:26
BRH:19
end_of_record
TN:
SF:src/lib/RSRegistryLib.sol
FN:9,RSRegistryLib.codeHash
FNDA:0,RSRegistryLib.codeHash
DA:11,0
BRDA:11,0,0,-
DA:12,0
FN:24,RSRegistryLib.deploy
FNDA:0,RSRegistryLib.deploy
DA:32,0
DA:35,0
BRDA:35,1,0,-
BRDA:35,1,1,-
DA:36,0
DA:39,0
DA:40,0
DA:42,0
BRDA:42,2,0,-
FN:52,RSRegistryLib.calcAddress
FNDA:0,RSRegistryLib.calcAddress
DA:53,0
DA:54,0
DA:56,0
FNF:3
FNH:0
LF:11
LH:0
BRF:4
BRH:0
end_of_record
TN:
SF:test/RSRegistry.t.sol
FN:34,MockContract.foo
FNDA:0,MockContract.foo
DA:35,0
FN:40,HashiTestLib.toUint256Array
FNDA:0,HashiTestLib.toUint256Array
DA:41,0
DA:42,0
DA:43,0
DA:45,0
FNF:2
FNH:0
LF:5
LH:0
BRF:0
BRH:0
end_of_record
TN:
SF:test/RSRegistryHashi.t.sol
FN:40,HashiTestLib.toUint256Array
FNDA:0,HashiTestLib.toUint256Array
DA:41,0
DA:42,0
DA:43,0
DA:45,0
FN:34,MockContract.foo
FNDA:0,MockContract.foo
DA:35,0
FNF:2
FNH:0
LF:5
LH:0
BRF:0
BRH:0
end_of_record
TN:
SF:test/mock/MockAuthority.sol
FN:16,MockAuthority.setAttestation
FNDA:5,MockAuthority.setAttestation
DA:17,5
FN:20,MockAuthority.getAttestation
FNDA:12,MockAuthority.getAttestation
DA:30,12
FNF:2
FNH:2
LF:2
LH:2
BRF:0
BRH:0
end_of_record
TN:
SF:test/mock/MockTokenizedAuthority.sol
FN:23,MockTokenizedAuthority.setAttestation
FNDA:1,MockTokenizedAuthority.setAttestation
DA:24,1
FN:27,MockTokenizedAuthority.getAttestation
FNDA:1,MockTokenizedAuthority.getAttestation
DA:37,1
BRDA:37,0,0,-
BRDA:37,0,1,1
DA:38,1
FNF:2
FNH:2
LF:3
LH:3
BRF:2
BRH:1
end_of_record
