TN:
SF:node_modules/ds-test/src/test.sol
FN:47,DSTest.failed
FNDA:0,DSTest.failed
DA:48,0
BRDA:48,0,0,-
BRDA:48,0,1,-
DA:49,0
DA:51,0
DA:52,0
BRDA:52,1,0,-
BRDA:52,1,1,-
DA:53,0
DA:59,0
DA:61,0
FN:65,DSTest.fail
FNDA:0,DSTest.fail
DA:66,0
BRDA:66,2,0,-
BRDA:66,2,1,-
DA:67,0
DA:75,0
FN:78,DSTest.hasHEVMContext
FNDA:0,DSTest.hasHEVMContext
DA:79,0
DA:81,0
DA:83,0
FN:93,DSTest.assertTrue
FNDA:0,DSTest.assertTrue
DA:94,0
BRDA:94,3,0,-
BRDA:94,3,1,-
DA:95,0
DA:96,0
FN:100,DSTest.assertTrue
FNDA:0,DSTest.assertTrue
DA:101,0
BRDA:101,4,0,-
BRDA:101,4,1,-
DA:102,0
DA:103,0
FN:107,DSTest.assertEq
FNDA:0,DSTest.assertEq
DA:108,0
BRDA:108,5,0,-
BRDA:108,5,1,-
DA:109,0
DA:110,0
DA:111,0
DA:112,0
FN:115,DSTest.assertEq
FNDA:0,DSTest.assertEq
DA:116,0
BRDA:116,6,0,-
BRDA:116,6,1,-
DA:117,0
DA:118,0
FN:122,DSTest.assertEq
FNDA:0,DSTest.assertEq
DA:123,0
BRDA:123,7,0,-
BRDA:123,7,1,-
DA:124,0
DA:125,0
DA:126,0
DA:127,0
FN:130,DSTest.assertEq
FNDA:0,DSTest.assertEq
DA:131,0
BRDA:131,8,0,-
BRDA:131,8,1,-
DA:132,0
DA:133,0
FN:136,DSTest.assertEq32
FNDA:0,DSTest.assertEq32
DA:137,0
FN:139,DSTest.assertEq32
FNDA:0,DSTest.assertEq32
DA:140,0
FN:143,DSTest.assertEq
FNDA:0,DSTest.assertEq
DA:144,0
BRDA:144,9,0,-
BRDA:144,9,1,-
DA:145,0
DA:146,0
DA:147,0
DA:148,0
FN:151,DSTest.assertEq
FNDA:0,DSTest.assertEq
DA:152,0
BRDA:152,10,0,-
BRDA:152,10,1,-
DA:153,0
DA:154,0
FN:157,DSTest.assertEq
FNDA:0,DSTest.assertEq
DA:158,0
BRDA:158,11,0,-
BRDA:158,11,1,-
DA:159,0
DA:160,0
DA:161,0
DA:162,0
FN:165,DSTest.assertEq
FNDA:0,DSTest.assertEq
DA:166,0
BRDA:166,12,0,-
BRDA:166,12,1,-
DA:167,0
DA:168,0
FN:171,DSTest.assertEqDecimal
FNDA:0,DSTest.assertEqDecimal
DA:172,0
BRDA:172,13,0,-
BRDA:172,13,1,-
DA:173,0
DA:174,0
DA:175,0
DA:176,0
FN:179,DSTest.assertEqDecimal
FNDA:0,DSTest.assertEqDecimal
DA:180,0
BRDA:180,14,0,-
BRDA:180,14,1,-
DA:181,0
DA:182,0
FN:185,DSTest.assertEqDecimal
FNDA:0,DSTest.assertEqDecimal
DA:186,0
BRDA:186,15,0,-
BRDA:186,15,1,-
DA:187,0
DA:188,0
DA:189,0
DA:190,0
FN:193,DSTest.assertEqDecimal
FNDA:0,DSTest.assertEqDecimal
DA:194,0
BRDA:194,16,0,-
BRDA:194,16,1,-
DA:195,0
DA:196,0
FN:200,DSTest.assertNotEq
FNDA:0,DSTest.assertNotEq
DA:201,0
BRDA:201,17,0,-
BRDA:201,17,1,-
DA:202,0
DA:203,0
DA:204,0
DA:205,0
FN:208,DSTest.assertNotEq
FNDA:0,DSTest.assertNotEq
DA:209,0
BRDA:209,18,0,-
BRDA:209,18,1,-
DA:210,0
DA:211,0
FN:215,DSTest.assertNotEq
FNDA:0,DSTest.assertNotEq
DA:216,0
BRDA:216,19,0,-
BRDA:216,19,1,-
DA:217,0
DA:218,0
DA:219,0
DA:220,0
FN:223,DSTest.assertNotEq
FNDA:0,DSTest.assertNotEq
DA:224,0
BRDA:224,20,0,-
BRDA:224,20,1,-
DA:225,0
DA:226,0
FN:229,DSTest.assertNotEq32
FNDA:0,DSTest.assertNotEq32
DA:230,0
FN:232,DSTest.assertNotEq32
FNDA:0,DSTest.assertNotEq32
DA:233,0
FN:236,DSTest.assertNotEq
FNDA:0,DSTest.assertNotEq
DA:237,0
BRDA:237,21,0,-
BRDA:237,21,1,-
DA:238,0
DA:239,0
DA:240,0
DA:241,0
FN:244,DSTest.assertNotEq
FNDA:0,DSTest.assertNotEq
DA:245,0
BRDA:245,22,0,-
BRDA:245,22,1,-
DA:246,0
DA:247,0
FN:250,DSTest.assertNotEq
FNDA:0,DSTest.assertNotEq
DA:251,0
BRDA:251,23,0,-
BRDA:251,23,1,-
DA:252,0
DA:253,0
DA:254,0
DA:255,0
FN:258,DSTest.assertNotEq
FNDA:0,DSTest.assertNotEq
DA:259,0
BRDA:259,24,0,-
BRDA:259,24,1,-
DA:260,0
DA:261,0
FN:264,DSTest.assertNotEqDecimal
FNDA:0,DSTest.assertNotEqDecimal
DA:265,0
BRDA:265,25,0,-
BRDA:265,25,1,-
DA:266,0
DA:267,0
DA:268,0
DA:269,0
FN:272,DSTest.assertNotEqDecimal
FNDA:0,DSTest.assertNotEqDecimal
DA:273,0
BRDA:273,26,0,-
BRDA:273,26,1,-
DA:274,0
DA:275,0
FN:278,DSTest.assertNotEqDecimal
FNDA:0,DSTest.assertNotEqDecimal
DA:279,0
BRDA:279,27,0,-
BRDA:279,27,1,-
DA:280,0
DA:281,0
DA:282,0
DA:283,0
FN:286,DSTest.assertNotEqDecimal
FNDA:0,DSTest.assertNotEqDecimal
DA:287,0
BRDA:287,28,0,-
BRDA:287,28,1,-
DA:288,0
DA:289,0
FN:293,DSTest.assertGt
FNDA:0,DSTest.assertGt
DA:294,0
BRDA:294,29,0,-
BRDA:294,29,1,-
DA:295,0
DA:296,0
DA:297,0
DA:298,0
FN:301,DSTest.assertGt
FNDA:0,DSTest.assertGt
DA:302,0
BRDA:302,30,0,-
BRDA:302,30,1,-
DA:303,0
DA:304,0
FN:307,DSTest.assertGt
FNDA:0,DSTest.assertGt
DA:308,0
BRDA:308,31,0,-
BRDA:308,31,1,-
DA:309,0
DA:310,0
DA:311,0
DA:312,0
FN:315,DSTest.assertGt
FNDA:0,DSTest.assertGt
DA:316,0
BRDA:316,32,0,-
BRDA:316,32,1,-
DA:317,0
DA:318,0
FN:321,DSTest.assertGtDecimal
FNDA:0,DSTest.assertGtDecimal
DA:322,0
BRDA:322,33,0,-
BRDA:322,33,1,-
DA:323,0
DA:324,0
DA:325,0
DA:326,0
FN:329,DSTest.assertGtDecimal
FNDA:0,DSTest.assertGtDecimal
DA:330,0
BRDA:330,34,0,-
BRDA:330,34,1,-
DA:331,0
DA:332,0
FN:335,DSTest.assertGtDecimal
FNDA:0,DSTest.assertGtDecimal
DA:336,0
BRDA:336,35,0,-
BRDA:336,35,1,-
DA:337,0
DA:338,0
DA:339,0
DA:340,0
FN:343,DSTest.assertGtDecimal
FNDA:0,DSTest.assertGtDecimal
DA:344,0
BRDA:344,36,0,-
BRDA:344,36,1,-
DA:345,0
DA:346,0
FN:350,DSTest.assertGe
FNDA:0,DSTest.assertGe
DA:351,0
BRDA:351,37,0,-
BRDA:351,37,1,-
DA:352,0
DA:353,0
DA:354,0
DA:355,0
FN:358,DSTest.assertGe
FNDA:0,DSTest.assertGe
DA:359,0
BRDA:359,38,0,-
BRDA:359,38,1,-
DA:360,0
DA:361,0
FN:364,DSTest.assertGe
FNDA:0,DSTest.assertGe
DA:365,0
BRDA:365,39,0,-
BRDA:365,39,1,-
DA:366,0
DA:367,0
DA:368,0
DA:369,0
FN:372,DSTest.assertGe
FNDA:0,DSTest.assertGe
DA:373,0
BRDA:373,40,0,-
BRDA:373,40,1,-
DA:374,0
DA:375,0
FN:378,DSTest.assertGeDecimal
FNDA:0,DSTest.assertGeDecimal
DA:379,0
BRDA:379,41,0,-
BRDA:379,41,1,-
DA:380,0
DA:381,0
DA:382,0
DA:383,0
FN:386,DSTest.assertGeDecimal
FNDA:0,DSTest.assertGeDecimal
DA:387,0
BRDA:387,42,0,-
BRDA:387,42,1,-
DA:388,0
DA:389,0
FN:392,DSTest.assertGeDecimal
FNDA:0,DSTest.assertGeDecimal
DA:393,0
BRDA:393,43,0,-
BRDA:393,43,1,-
DA:394,0
DA:395,0
DA:396,0
DA:397,0
FN:400,DSTest.assertGeDecimal
FNDA:0,DSTest.assertGeDecimal
DA:401,0
BRDA:401,44,0,-
BRDA:401,44,1,-
DA:402,0
DA:403,0
FN:407,DSTest.assertLt
FNDA:0,DSTest.assertLt
DA:408,0
BRDA:408,45,0,-
BRDA:408,45,1,-
DA:409,0
DA:410,0
DA:411,0
DA:412,0
FN:415,DSTest.assertLt
FNDA:0,DSTest.assertLt
DA:416,0
BRDA:416,46,0,-
BRDA:416,46,1,-
DA:417,0
DA:418,0
FN:421,DSTest.assertLt
FNDA:0,DSTest.assertLt
DA:422,0
BRDA:422,47,0,-
BRDA:422,47,1,-
DA:423,0
DA:424,0
DA:425,0
DA:426,0
FN:429,DSTest.assertLt
FNDA:0,DSTest.assertLt
DA:430,0
BRDA:430,48,0,-
BRDA:430,48,1,-
DA:431,0
DA:432,0
FN:435,DSTest.assertLtDecimal
FNDA:0,DSTest.assertLtDecimal
DA:436,0
BRDA:436,49,0,-
BRDA:436,49,1,-
DA:437,0
DA:438,0
DA:439,0
DA:440,0
FN:443,DSTest.assertLtDecimal
FNDA:0,DSTest.assertLtDecimal
DA:444,0
BRDA:444,50,0,-
BRDA:444,50,1,-
DA:445,0
DA:446,0
FN:449,DSTest.assertLtDecimal
FNDA:0,DSTest.assertLtDecimal
DA:450,0
BRDA:450,51,0,-
BRDA:450,51,1,-
DA:451,0
DA:452,0
DA:453,0
DA:454,0
FN:457,DSTest.assertLtDecimal
FNDA:0,DSTest.assertLtDecimal
DA:458,0
BRDA:458,52,0,-
BRDA:458,52,1,-
DA:459,0
DA:460,0
FN:464,DSTest.assertLe
FNDA:0,DSTest.assertLe
DA:465,0
BRDA:465,53,0,-
BRDA:465,53,1,-
DA:466,0
DA:467,0
DA:468,0
DA:469,0
FN:472,DSTest.assertLe
FNDA:0,DSTest.assertLe
DA:473,0
BRDA:473,54,0,-
BRDA:473,54,1,-
DA:474,0
DA:475,0
FN:478,DSTest.assertLe
FNDA:0,DSTest.assertLe
DA:479,0
BRDA:479,55,0,-
BRDA:479,55,1,-
DA:480,0
DA:481,0
DA:482,0
DA:483,0
FN:486,DSTest.assertLe
FNDA:0,DSTest.assertLe
DA:487,0
BRDA:487,56,0,-
BRDA:487,56,1,-
DA:488,0
DA:489,0
FN:492,DSTest.assertLeDecimal
FNDA:0,DSTest.assertLeDecimal
DA:493,0
BRDA:493,57,0,-
BRDA:493,57,1,-
DA:494,0
DA:495,0
DA:496,0
DA:497,0
FN:500,DSTest.assertLeDecimal
FNDA:0,DSTest.assertLeDecimal
DA:501,0
BRDA:501,58,0,-
BRDA:501,58,1,-
DA:502,0
DA:503,0
FN:506,DSTest.assertLeDecimal
FNDA:0,DSTest.assertLeDecimal
DA:507,0
BRDA:507,59,0,-
BRDA:507,59,1,-
DA:508,0
DA:509,0
DA:510,0
DA:511,0
FN:514,DSTest.assertLeDecimal
FNDA:0,DSTest.assertLeDecimal
DA:515,0
BRDA:515,60,0,-
BRDA:515,60,1,-
DA:516,0
DA:517,0
FN:521,DSTest.assertEq
FNDA:0,DSTest.assertEq
DA:522,0
BRDA:522,61,0,-
BRDA:522,61,1,-
DA:523,0
DA:524,0
DA:525,0
DA:526,0
FN:529,DSTest.assertEq
FNDA:0,DSTest.assertEq
DA:530,0
BRDA:530,62,0,-
BRDA:530,62,1,-
DA:531,0
DA:532,0
FN:536,DSTest.assertNotEq
FNDA:0,DSTest.assertNotEq
DA:537,0
BRDA:537,63,0,-
BRDA:537,63,1,-
DA:538,0
DA:539,0
DA:540,0
DA:541,0
FN:544,DSTest.assertNotEq
FNDA:0,DSTest.assertNotEq
DA:545,0
BRDA:545,64,0,-
BRDA:545,64,1,-
DA:546,0
DA:547,0
FN:551,DSTest.checkEq0
FNDA:0,DSTest.checkEq0
DA:552,0
DA:553,0
BRDA:553,65,0,-
BRDA:553,65,1,-
DA:554,0
DA:555,0
BRDA:555,66,0,-
BRDA:555,66,1,-
DA:556,0
DA:560,0
FN:563,DSTest.assertEq0
FNDA:0,DSTest.assertEq0
DA:564,0
BRDA:564,67,0,-
BRDA:564,67,1,-
DA:565,0
DA:566,0
DA:567,0
DA:568,0
FN:571,DSTest.assertEq0
FNDA:0,DSTest.assertEq0
DA:572,0
BRDA:572,68,0,-
BRDA:572,68,1,-
DA:573,0
DA:574,0
FN:578,DSTest.assertNotEq0
FNDA:0,DSTest.assertNotEq0
DA:579,0
BRDA:579,69,0,-
BRDA:579,69,1,-
DA:580,0
DA:581,0
DA:582,0
DA:583,0
FN:586,DSTest.assertNotEq0
FNDA:0,DSTest.assertNotEq0
DA:587,0
BRDA:587,70,0,-
BRDA:587,70,1,-
DA:588,0
DA:589,0
FNF:74
FNH:0
LF:285
LH:0
BRF:142
BRH:0
end_of_record
TN:
SF:node_modules/forge-std/src/StdAssertions.sol
FN:15,StdAssertions.fail
FNDA:0,StdAssertions.fail
DA:16,0
DA:17,0
FN:20,StdAssertions.assertFalse
FNDA:0,StdAssertions.assertFalse
DA:21,0
FN:24,StdAssertions.assertFalse
FNDA:0,StdAssertions.assertFalse
DA:25,0
FN:28,StdAssertions.assertEq
FNDA:0,StdAssertions.assertEq
DA:29,0
BRDA:29,0,0,-
BRDA:29,0,1,-
DA:30,0
DA:31,0
DA:32,0
DA:33,0
FN:37,StdAssertions.assertEq
FNDA:0,StdAssertions.assertEq
DA:38,0
BRDA:38,1,0,-
BRDA:38,1,1,-
DA:39,0
DA:40,0
FN:44,StdAssertions.assertEq
FNDA:0,StdAssertions.assertEq
DA:45,0
FN:48,StdAssertions.assertEq
FNDA:0,StdAssertions.assertEq
DA:49,0
FN:52,StdAssertions.assertEq
FNDA:0,StdAssertions.assertEq
DA:53,0
BRDA:53,2,0,-
BRDA:53,2,1,-
DA:54,0
DA:55,0
DA:56,0
DA:57,0
FN:61,StdAssertions.assertEq
FNDA:0,StdAssertions.assertEq
DA:62,0
BRDA:62,3,0,-
BRDA:62,3,1,-
DA:63,0
DA:64,0
DA:65,0
DA:66,0
FN:70,StdAssertions.assertEq
FNDA:0,StdAssertions.assertEq
DA:71,0
BRDA:71,4,0,-
BRDA:71,4,1,-
DA:72,0
DA:73,0
DA:74,0
DA:75,0
FN:79,StdAssertions.assertEq
FNDA:0,StdAssertions.assertEq
DA:80,0
BRDA:80,5,0,-
BRDA:80,5,1,-
DA:81,0
DA:82,0
FN:86,StdAssertions.assertEq
FNDA:0,StdAssertions.assertEq
DA:87,0
BRDA:87,6,0,-
BRDA:87,6,1,-
DA:88,0
DA:89,0
FN:93,StdAssertions.assertEq
FNDA:0,StdAssertions.assertEq
DA:94,0
BRDA:94,7,0,-
BRDA:94,7,1,-
DA:95,0
DA:96,0
FN:101,StdAssertions.assertEqUint
FNDA:0,StdAssertions.assertEqUint
DA:102,0
FN:105,StdAssertions.assertApproxEqAbs
FNDA:0,StdAssertions.assertApproxEqAbs
DA:106,0
DA:108,0
BRDA:108,8,0,-
BRDA:108,8,1,-
DA:109,0
DA:110,0
DA:111,0
DA:112,0
DA:113,0
DA:114,0
FN:118,StdAssertions.assertApproxEqAbs
FNDA:0,StdAssertions.assertApproxEqAbs
DA:119,0
DA:121,0
BRDA:121,9,0,-
BRDA:121,9,1,-
DA:122,0
DA:123,0
FN:127,StdAssertions.assertApproxEqAbsDecimal
FNDA:0,StdAssertions.assertApproxEqAbsDecimal
DA:128,0
DA:130,0
BRDA:130,10,0,-
BRDA:130,10,1,-
DA:131,0
DA:132,0
DA:133,0
DA:134,0
DA:135,0
DA:136,0
FN:140,StdAssertions.assertApproxEqAbsDecimal
FNDA:0,StdAssertions.assertApproxEqAbsDecimal
DA:144,0
DA:146,0
BRDA:146,11,0,-
BRDA:146,11,1,-
DA:147,0
DA:148,0
FN:152,StdAssertions.assertApproxEqAbs
FNDA:0,StdAssertions.assertApproxEqAbs
DA:153,0
DA:155,0
BRDA:155,12,0,-
BRDA:155,12,1,-
DA:156,0
DA:157,0
DA:158,0
DA:159,0
DA:160,0
DA:161,0
FN:165,StdAssertions.assertApproxEqAbs
FNDA:0,StdAssertions.assertApproxEqAbs
DA:166,0
DA:168,0
BRDA:168,13,0,-
BRDA:168,13,1,-
DA:169,0
DA:170,0
FN:174,StdAssertions.assertApproxEqAbsDecimal
FNDA:0,StdAssertions.assertApproxEqAbsDecimal
DA:175,0
DA:177,0
BRDA:177,14,0,-
BRDA:177,14,1,-
DA:178,0
DA:179,0
DA:180,0
DA:181,0
DA:182,0
DA:183,0
FN:187,StdAssertions.assertApproxEqAbsDecimal
FNDA:0,StdAssertions.assertApproxEqAbsDecimal
DA:191,0
DA:193,0
BRDA:193,15,0,-
BRDA:193,15,1,-
DA:194,0
DA:195,0
FN:199,StdAssertions.assertApproxEqRel
FNDA:0,StdAssertions.assertApproxEqRel
DA:204,0
BRDA:204,16,0,-
BRDA:204,16,1,-
DA:206,0
DA:208,0
BRDA:208,17,0,-
BRDA:208,17,1,-
DA:209,0
DA:210,0
DA:211,0
DA:212,0
DA:213,0
DA:214,0
FN:218,StdAssertions.assertApproxEqRel
FNDA:0,StdAssertions.assertApproxEqRel
DA:224,0
BRDA:224,18,0,-
BRDA:224,18,1,-
DA:226,0
DA:228,0
BRDA:228,19,0,-
BRDA:228,19,1,-
DA:229,0
DA:230,0
FN:234,StdAssertions.assertApproxEqRelDecimal
FNDA:0,StdAssertions.assertApproxEqRelDecimal
DA:240,0
BRDA:240,20,0,-
BRDA:240,20,1,-
DA:242,0
DA:244,0
BRDA:244,21,0,-
BRDA:244,21,1,-
DA:245,0
DA:246,0
DA:247,0
DA:248,0
DA:249,0
DA:250,0
FN:254,StdAssertions.assertApproxEqRelDecimal
FNDA:0,StdAssertions.assertApproxEqRelDecimal
DA:261,0
BRDA:261,22,0,-
BRDA:261,22,1,-
DA:263,0
DA:265,0
BRDA:265,23,0,-
BRDA:265,23,1,-
DA:266,0
DA:267,0
FN:271,StdAssertions.assertApproxEqRel
FNDA:0,StdAssertions.assertApproxEqRel
DA:272,0
BRDA:272,24,0,-
BRDA:272,24,1,-
DA:274,0
DA:276,0
BRDA:276,25,0,-
BRDA:276,25,1,-
DA:277,0
DA:278,0
DA:279,0
DA:280,0
DA:281,0
DA:282,0
FN:286,StdAssertions.assertApproxEqRel
FNDA:0,StdAssertions.assertApproxEqRel
DA:287,0
BRDA:287,26,0,-
BRDA:287,26,1,-
DA:289,0
DA:291,0
BRDA:291,27,0,-
BRDA:291,27,1,-
DA:292,0
DA:293,0
FN:297,StdAssertions.assertApproxEqRelDecimal
FNDA:0,StdAssertions.assertApproxEqRelDecimal
DA:298,0
BRDA:298,28,0,-
BRDA:298,28,1,-
DA:300,0
DA:302,0
BRDA:302,29,0,-
BRDA:302,29,1,-
DA:303,0
DA:304,0
DA:305,0
DA:306,0
DA:307,0
DA:308,0
FN:312,StdAssertions.assertApproxEqRelDecimal
FNDA:0,StdAssertions.assertApproxEqRelDecimal
DA:316,0
BRDA:316,30,0,-
BRDA:316,30,1,-
DA:318,0
DA:320,0
BRDA:320,31,0,-
BRDA:320,31,1,-
DA:321,0
DA:322,0
FN:326,StdAssertions.assertEqCall
FNDA:0,StdAssertions.assertEqCall
DA:327,0
FN:330,StdAssertions.assertEqCall
FNDA:0,StdAssertions.assertEqCall
DA:334,0
FN:337,StdAssertions.assertEqCall
FNDA:0,StdAssertions.assertEqCall
DA:341,0
FN:344,StdAssertions.assertEqCall
FNDA:0,StdAssertions.assertEqCall
DA:351,0
DA:352,0
DA:354,0
BRDA:354,32,0,-
BRDA:354,32,1,-
DA:355,0
DA:358,0
BRDA:358,33,0,-
BRDA:358,33,1,-
DA:359,0
DA:362,0
BRDA:362,34,0,-
BRDA:362,34,1,-
DA:363,0
DA:364,0
DA:365,0
DA:366,0
DA:369,0
BRDA:369,35,0,-
BRDA:369,35,1,-
DA:370,0
DA:371,0
DA:372,0
DA:373,0
FNF:34
FNH:0
LF:162
LH:0
BRF:72
BRH:0
end_of_record
TN:
SF:node_modules/forge-std/src/StdChains.sol
FN:69,StdChains.getChain
FNDA:0,StdChains.getChain
DA:70,0
BRDA:70,0,0,-
BRDA:70,0,1,-
DA:72,0
DA:73,0
DA:74,0
BRDA:74,1,0,-
BRDA:74,1,1,-
DA:79,0
FN:82,StdChains.getChain
FNDA:0,StdChains.getChain
DA:83,0
BRDA:83,2,0,-
BRDA:83,2,1,-
DA:84,0
DA:85,0
DA:87,0
DA:89,0
BRDA:89,3,0,-
BRDA:89,3,1,-
DA:94,0
FN:98,StdChains.setChain
FNDA:0,StdChains.setChain
DA:99,0
BRDA:99,4,0,-
BRDA:99,4,1,-
DA:104,0
BRDA:104,5,0,-
BRDA:104,5,1,-
DA:106,0
DA:107,0
DA:109,0
BRDA:109,6,0,-
BRDA:109,6,1,-
DA:122,0
DA:123,0
DA:125,0
DA:127,0
FN:131,StdChains.setChain
FNDA:0,StdChains.setChain
DA:132,0
FN:135,StdChains._toUpper
FNDA:0,StdChains._toUpper
DA:136,0
DA:137,0
DA:138,0
DA:139,0
DA:140,0
BRDA:140,7,0,-
BRDA:140,7,1,-
DA:141,0
DA:143,0
DA:146,0
FN:151,StdChains.getChainWithUpdatedRpcUrl
FNDA:0,StdChains.getChainWithUpdatedRpcUrl
DA:156,0
BRDA:156,8,0,-
BRDA:156,8,1,-
DA:157,0
DA:185,0
FN:188,StdChains.setFallbackToDefaultRpcUrls
FNDA:0,StdChains.setFallbackToDefaultRpcUrls
DA:189,0
FN:192,StdChains.initializeStdChains
FNDA:0,StdChains.initializeStdChains
DA:193,0
BRDA:193,9,0,-
BRDA:193,9,1,-
DA:195,0
DA:198,0
DA:199,0
DA:202,0
DA:205,0
DA:208,0
DA:209,0
DA:210,0
DA:211,0
DA:214,0
DA:215,0
DA:216,0
DA:219,0
DA:220,0
DA:223,0
DA:226,0
DA:230,0
DA:231,0
DA:232,0
DA:235,0
DA:236,0
DA:237,0
FN:241,StdChains.setChainWithDefaultRpcUrl
FNDA:0,StdChains.setChainWithDefaultRpcUrl
DA:242,0
DA:243,0
DA:244,0
DA:245,0
DA:246,0
FNF:9
FNH:0
LF:61
LH:0
BRF:20
BRH:0
end_of_record
TN:
SF:node_modules/forge-std/src/StdCheats.sol
FN:209,StdCheatsSafe.assumeNotBlacklisted
FNDA:0,StdCheatsSafe.assumeNotBlacklisted
DA:211,0
DA:213,0
DA:215,0
BRDA:215,0,0,-
BRDA:215,0,1,-
DA:217,0
DA:218,0
DA:221,0
DA:222,0
DA:225,0
DA:226,0
FN:233,StdCheatsSafe.assumeNoBlacklisted
FNDA:0,StdCheatsSafe.assumeNoBlacklisted
DA:234,0
FN:237,StdCheatsSafe.assumeAddressIsNot
FNDA:0,StdCheatsSafe.assumeAddressIsNot
DA:238,0
BRDA:238,1,0,-
BRDA:238,1,1,-
DA:239,0
DA:240,0
BRDA:240,2,0,-
BRDA:240,2,1,-
DA:241,0
DA:242,0
BRDA:242,3,0,-
BRDA:242,3,1,-
DA:243,0
DA:244,0
BRDA:244,4,0,-
BRDA:244,4,1,-
DA:245,0
DA:246,0
BRDA:246,5,0,-
BRDA:246,5,1,-
DA:247,0
FN:251,StdCheatsSafe.assumeAddressIsNot
FNDA:0,StdCheatsSafe.assumeAddressIsNot
DA:252,0
DA:253,0
FN:256,StdCheatsSafe.assumeAddressIsNot
FNDA:0,StdCheatsSafe.assumeAddressIsNot
DA:262,0
DA:263,0
DA:264,0
FN:267,StdCheatsSafe.assumeAddressIsNot
FNDA:0,StdCheatsSafe.assumeAddressIsNot
DA:274,0
DA:275,0
DA:276,0
DA:277,0
FN:284,StdCheatsSafe._isPayable
FNDA:0,StdCheatsSafe._isPayable
DA:285,0
BRDA:285,6,0,-
BRDA:285,6,1,-
DA:289,0
DA:290,0
DA:292,0
DA:293,0
DA:296,0
DA:297,0
DA:299,0
FN:305,StdCheatsSafe.assumePayable
FNDA:0,StdCheatsSafe.assumePayable
DA:306,0
FN:309,StdCheatsSafe.assumeNotPayable
FNDA:0,StdCheatsSafe.assumeNotPayable
DA:310,0
FN:313,StdCheatsSafe.assumeNotZeroAddress
FNDA:0,StdCheatsSafe.assumeNotZeroAddress
DA:314,0
FN:317,StdCheatsSafe.assumeNotPrecompile
FNDA:0,StdCheatsSafe.assumeNotPrecompile
DA:318,0
FN:321,StdCheatsSafe.assumeNotPrecompile
FNDA:0,StdCheatsSafe.assumeNotPrecompile
DA:326,0
DA:329,0
BRDA:329,7,0,-
BRDA:329,7,1,-
DA:331,0
DA:332,0
BRDA:332,8,0,-
BRDA:332,8,1,-
DA:334,0
DA:335,0
BRDA:335,9,0,-
BRDA:335,9,1,-
DA:337,0
DA:338,0
DA:339,0
FN:344,StdCheatsSafe.assumeNotForgeAddress
FNDA:0,StdCheatsSafe.assumeNotForgeAddress
DA:346,0
FN:352,StdCheatsSafe.readEIP1559ScriptArtifact
FNDA:0,StdCheatsSafe.readEIP1559ScriptArtifact
DA:358,0
DA:359,0
DA:360,0
DA:361,0
DA:362,0
DA:363,0
DA:364,0
DA:365,0
DA:366,0
DA:367,0
DA:368,0
DA:369,0
FN:372,StdCheatsSafe.rawToConvertedEIPTx1559s
FNDA:0,StdCheatsSafe.rawToConvertedEIPTx1559s
DA:373,0
DA:374,0
DA:375,0
DA:377,0
FN:380,StdCheatsSafe.rawToConvertedEIPTx1559
FNDA:0,StdCheatsSafe.rawToConvertedEIPTx1559
DA:381,0
DA:382,0
DA:383,0
DA:384,0
DA:385,0
DA:386,0
DA:387,0
DA:388,0
FN:391,StdCheatsSafe.rawToConvertedEIP1559Detail
FNDA:0,StdCheatsSafe.rawToConvertedEIP1559Detail
DA:397,0
DA:398,0
DA:399,0
DA:400,0
DA:401,0
DA:402,0
DA:403,0
DA:404,0
DA:405,0
DA:406,0
FN:409,StdCheatsSafe.readTx1559s
FNDA:0,StdCheatsSafe.readTx1559s
DA:410,0
DA:411,0
DA:412,0
DA:413,0
FN:416,StdCheatsSafe.readTx1559
FNDA:0,StdCheatsSafe.readTx1559
DA:417,0
DA:418,0
DA:419,0
DA:420,0
DA:421,0
FN:425,StdCheatsSafe.readReceipts
FNDA:0,StdCheatsSafe.readReceipts
DA:426,0
DA:427,0
DA:428,0
DA:429,0
FN:432,StdCheatsSafe.readReceipt
FNDA:0,StdCheatsSafe.readReceipt
DA:433,0
DA:434,0
DA:435,0
DA:436,0
DA:437,0
FN:440,StdCheatsSafe.rawToConvertedReceipts
FNDA:0,StdCheatsSafe.rawToConvertedReceipts
DA:441,0
DA:442,0
DA:443,0
DA:445,0
FN:448,StdCheatsSafe.rawToConvertedReceipt
FNDA:0,StdCheatsSafe.rawToConvertedReceipt
DA:449,0
DA:450,0
DA:451,0
DA:452,0
DA:453,0
DA:454,0
DA:455,0
DA:456,0
DA:457,0
DA:458,0
DA:459,0
DA:460,0
DA:461,0
DA:462,0
DA:463,0
FN:466,StdCheatsSafe.rawToConvertedReceiptLogs
FNDA:0,StdCheatsSafe.rawToConvertedReceiptLogs
DA:472,0
DA:473,0
DA:474,0
DA:475,0
DA:476,0
DA:477,0
DA:478,0
DA:479,0
DA:480,0
DA:481,0
DA:482,0
DA:484,0
FN:490,StdCheatsSafe.deployCode
FNDA:0,StdCheatsSafe.deployCode
DA:491,0
DA:494,0
DA:497,0
BRDA:497,10,0,-
BRDA:497,10,1,-
FN:500,StdCheatsSafe.deployCode
FNDA:0,StdCheatsSafe.deployCode
DA:501,0
DA:504,0
DA:507,0
BRDA:507,11,0,-
BRDA:507,11,1,-
FN:511,StdCheatsSafe.deployCode
FNDA:0,StdCheatsSafe.deployCode
DA:512,0
DA:515,0
DA:518,0
BRDA:518,12,0,-
BRDA:518,12,1,-
FN:521,StdCheatsSafe.deployCode
FNDA:0,StdCheatsSafe.deployCode
DA:522,0
DA:525,0
DA:528,0
BRDA:528,13,0,-
BRDA:528,13,1,-
FN:532,StdCheatsSafe.makeAddrAndKey
FNDA:0,StdCheatsSafe.makeAddrAndKey
DA:533,0
DA:534,0
DA:535,0
FN:539,StdCheatsSafe.makeAddr
FNDA:0,StdCheatsSafe.makeAddr
DA:540,0
FN:547,StdCheatsSafe.destroyAccount
FNDA:0,StdCheatsSafe.destroyAccount
DA:548,0
DA:549,0
DA:550,0
DA:551,0
DA:553,0
DA:554,0
FN:558,StdCheatsSafe.makeAccount
FNDA:0,StdCheatsSafe.makeAccount
DA:559,0
FN:562,StdCheatsSafe.deriveRememberKey
FNDA:0,StdCheatsSafe.deriveRememberKey
DA:567,0
DA:568,0
FN:571,StdCheatsSafe._bytesToUint
FNDA:0,StdCheatsSafe._bytesToUint
DA:572,0
BRDA:572,14,0,-
BRDA:572,14,1,-
DA:573,0
FN:576,StdCheatsSafe.isFork
FNDA:0,StdCheatsSafe.isFork
DA:577,0
FN:619,StdCheatsSafe._viewChainId
FNDA:0,StdCheatsSafe._viewChainId
DA:622,0
DA:625,0
FN:628,StdCheatsSafe._pureChainId
FNDA:0,StdCheatsSafe._pureChainId
DA:629,0
DA:630,0
DA:632,0
DA:634,0
FN:647,StdCheats.skip
FNDA:0,StdCheats.skip
DA:648,0
FN:651,StdCheats.rewind
FNDA:0,StdCheats.rewind
DA:652,0
FN:656,StdCheats.hoax
FNDA:0,StdCheats.hoax
DA:657,0
DA:658,0
FN:661,StdCheats.hoax
FNDA:0,StdCheats.hoax
DA:662,0
DA:663,0
FN:666,StdCheats.hoax
FNDA:0,StdCheats.hoax
DA:667,0
DA:668,0
FN:671,StdCheats.hoax
FNDA:0,StdCheats.hoax
DA:672,0
DA:673,0
FN:677,StdCheats.startHoax
FNDA:0,StdCheats.startHoax
DA:678,0
DA:679,0
FN:682,StdCheats.startHoax
FNDA:0,StdCheats.startHoax
DA:683,0
DA:684,0
FN:689,StdCheats.startHoax
FNDA:0,StdCheats.startHoax
DA:690,0
DA:691,0
FN:694,StdCheats.startHoax
FNDA:0,StdCheats.startHoax
DA:695,0
DA:696,0
FN:699,StdCheats.changePrank
FNDA:0,StdCheats.changePrank
DA:700,0
DA:701,0
DA:702,0
FN:705,StdCheats.changePrank
FNDA:0,StdCheats.changePrank
DA:706,0
DA:707,0
FN:712,StdCheats.deal
FNDA:0,StdCheats.deal
DA:713,0
FN:718,StdCheats.deal
FNDA:0,StdCheats.deal
DA:719,0
FN:724,StdCheats.dealERC1155
FNDA:0,StdCheats.dealERC1155
DA:725,0
FN:728,StdCheats.deal
FNDA:0,StdCheats.deal
DA:730,0
DA:731,0
DA:734,0
DA:737,0
BRDA:737,0,0,-
BRDA:737,0,1,-
DA:738,0
DA:739,0
DA:740,0
BRDA:740,1,0,-
BRDA:740,1,1,-
DA:741,0
DA:743,0
DA:745,0
FN:749,StdCheats.dealERC1155
FNDA:0,StdCheats.dealERC1155
DA:751,0
DA:752,0
DA:755,0
DA:758,0
BRDA:758,2,0,-
BRDA:758,2,1,-
DA:759,0
DA:760,0
BRDA:760,3,0,-
BRDA:760,3,1,-
DA:764,0
DA:765,0
BRDA:765,4,0,-
BRDA:765,4,1,-
DA:766,0
DA:768,0
DA:770,0
FN:774,StdCheats.dealERC721
FNDA:0,StdCheats.dealERC721
DA:776,0
DA:777,0
BRDA:777,5,0,-
BRDA:777,5,1,-
DA:780,0
DA:781,0
DA:782,0
DA:785,0
DA:786,0
DA:789,0
DA:790,0
DA:793,0
FN:796,StdCheats.deployCodeTo
FNDA:0,StdCheats.deployCodeTo
DA:797,0
FN:800,StdCheats.deployCodeTo
FNDA:0,StdCheats.deployCodeTo
DA:801,0
FN:804,StdCheats.deployCodeTo
FNDA:0,StdCheats.deployCodeTo
DA:805,0
DA:806,0
DA:807,0
DA:808,0
BRDA:808,6,0,-
BRDA:808,6,1,-
DA:809,0
FN:813,StdCheats.console2_log_StdCheats
FNDA:0,StdCheats.console2_log_StdCheats
DA:814,0
FNF:59
FNH:0
LF:233
LH:0
BRF:44
BRH:0
end_of_record
TN:
SF:node_modules/forge-std/src/StdInvariant.sol
FN:33,StdInvariant.excludeContract
FNDA:0,StdInvariant.excludeContract
DA:34,0
FN:37,StdInvariant.excludeSender
FNDA:0,StdInvariant.excludeSender
DA:38,0
FN:41,StdInvariant.excludeArtifact
FNDA:0,StdInvariant.excludeArtifact
DA:42,0
FN:45,StdInvariant.targetArtifact
FNDA:0,StdInvariant.targetArtifact
DA:46,0
FN:49,StdInvariant.targetArtifactSelector
FNDA:0,StdInvariant.targetArtifactSelector
DA:50,0
FN:53,StdInvariant.targetContract
FNDA:0,StdInvariant.targetContract
DA:54,0
FN:57,StdInvariant.targetSelector
FNDA:0,StdInvariant.targetSelector
DA:58,0
FN:61,StdInvariant.targetSender
FNDA:0,StdInvariant.targetSender
DA:62,0
FN:65,StdInvariant.targetInterface
FNDA:0,StdInvariant.targetInterface
DA:66,0
FN:72,StdInvariant.excludeArtifacts
FNDA:0,StdInvariant.excludeArtifacts
DA:73,0
FN:76,StdInvariant.excludeContracts
FNDA:0,StdInvariant.excludeContracts
DA:77,0
FN:80,StdInvariant.excludeSenders
FNDA:0,StdInvariant.excludeSenders
DA:81,0
FN:84,StdInvariant.targetArtifacts
FNDA:0,StdInvariant.targetArtifacts
DA:85,0
FN:88,StdInvariant.targetArtifactSelectors
FNDA:0,StdInvariant.targetArtifactSelectors
DA:89,0
FN:92,StdInvariant.targetContracts
FNDA:0,StdInvariant.targetContracts
DA:93,0
FN:96,StdInvariant.targetSelectors
FNDA:0,StdInvariant.targetSelectors
DA:97,0
FN:100,StdInvariant.targetSenders
FNDA:0,StdInvariant.targetSenders
DA:101,0
FN:104,StdInvariant.targetInterfaces
FNDA:0,StdInvariant.targetInterfaces
DA:105,0
FNF:18
FNH:0
LF:18
LH:0
BRF:0
BRH:0
end_of_record
TN:
SF:node_modules/forge-std/src/StdJson.sol
FN:32,stdJson.parseRaw
FNDA:0,stdJson.parseRaw
DA:33,0
FN:36,stdJson.readUint
FNDA:0,stdJson.readUint
DA:37,0
FN:40,stdJson.readUintArray
FNDA:0,stdJson.readUintArray
DA:41,0
FN:44,stdJson.readInt
FNDA:0,stdJson.readInt
DA:45,0
FN:48,stdJson.readIntArray
FNDA:0,stdJson.readIntArray
DA:49,0
FN:52,stdJson.readBytes32
FNDA:0,stdJson.readBytes32
DA:53,0
FN:56,stdJson.readBytes32Array
FNDA:0,stdJson.readBytes32Array
DA:57,0
FN:60,stdJson.readString
FNDA:0,stdJson.readString
DA:61,0
FN:64,stdJson.readStringArray
FNDA:0,stdJson.readStringArray
DA:65,0
FN:68,stdJson.readAddress
FNDA:0,stdJson.readAddress
DA:69,0
FN:72,stdJson.readAddressArray
FNDA:0,stdJson.readAddressArray
DA:73,0
FN:76,stdJson.readBool
FNDA:0,stdJson.readBool
DA:77,0
FN:80,stdJson.readBoolArray
FNDA:0,stdJson.readBoolArray
DA:81,0
FN:84,stdJson.readBytes
FNDA:0,stdJson.readBytes
DA:85,0
FN:88,stdJson.readBytesArray
FNDA:0,stdJson.readBytesArray
DA:89,0
FN:92,stdJson.serialize
FNDA:0,stdJson.serialize
DA:93,0
FN:96,stdJson.serialize
FNDA:0,stdJson.serialize
DA:97,0
FN:100,stdJson.serialize
FNDA:0,stdJson.serialize
DA:104,0
FN:107,stdJson.serialize
FNDA:0,stdJson.serialize
DA:108,0
FN:111,stdJson.serialize
FNDA:0,stdJson.serialize
DA:115,0
FN:118,stdJson.serialize
FNDA:0,stdJson.serialize
DA:119,0
FN:122,stdJson.serialize
FNDA:0,stdJson.serialize
DA:126,0
FN:129,stdJson.serialize
FNDA:0,stdJson.serialize
DA:130,0
FN:133,stdJson.serialize
FNDA:0,stdJson.serialize
DA:137,0
FN:140,stdJson.serialize
FNDA:0,stdJson.serialize
DA:141,0
FN:144,stdJson.serialize
FNDA:0,stdJson.serialize
DA:148,0
FN:151,stdJson.serialize
FNDA:0,stdJson.serialize
DA:152,0
FN:155,stdJson.serialize
FNDA:0,stdJson.serialize
DA:159,0
FN:162,stdJson.serialize
FNDA:0,stdJson.serialize
DA:166,0
FN:169,stdJson.serialize
FNDA:0,stdJson.serialize
DA:173,0
FN:176,stdJson.write
FNDA:0,stdJson.write
DA:177,0
FN:180,stdJson.write
FNDA:0,stdJson.write
DA:181,0
FNF:32
FNH:0
LF:32
LH:0
BRF:0
BRH:0
end_of_record
TN:
SF:node_modules/forge-std/src/StdMath.sol
FN:7,stdMath.abs
FNDA:0,stdMath.abs
DA:9,0
BRDA:9,0,0,-
BRDA:9,0,1,-
DA:10,0
DA:13,0
FN:16,stdMath.delta
FNDA:0,stdMath.delta
DA:17,0
FN:20,stdMath.delta
FNDA:0,stdMath.delta
DA:23,0
BRDA:23,1,0,-
BRDA:23,1,1,-
DA:24,0
DA:28,0
FN:31,stdMath.percentDelta
FNDA:0,stdMath.percentDelta
DA:32,0
DA:34,0
FN:37,stdMath.percentDelta
FNDA:0,stdMath.percentDelta
DA:38,0
DA:39,0
DA:41,0
FNF:5
FNH:0
LF:12
LH:0
BRF:4
BRH:0
end_of_record
TN:
SF:node_modules/forge-std/src/StdStorage.sol
FN:22,stdStorageSafe.sigs
FNDA:0,stdStorageSafe.sigs
DA:23,0
FN:32,stdStorageSafe.find
FNDA:0,stdStorageSafe.find
DA:33,0
DA:34,0
DA:35,0
DA:36,0
DA:39,0
BRDA:39,0,0,-
BRDA:39,0,1,-
DA:40,0
DA:42,0
DA:43,0
DA:44,0
DA:46,0
DA:47,0
DA:50,0
DA:51,0
BRDA:51,1,0,-
BRDA:51,1,1,-
DA:52,0
DA:53,0
BRDA:53,2,0,-
BRDA:53,2,1,-
DA:54,0
DA:56,0
BRDA:56,3,0,-
BRDA:56,3,1,-
DA:57,0
BRDA:57,4,0,-
BRDA:57,4,1,-
DA:62,0
DA:63,0
DA:64,0
DA:65,0
BRDA:65,5,0,-
BRDA:65,5,1,-
DA:66,0
DA:67,0
DA:68,0
BRDA:68,6,0,-
BRDA:68,6,1,-
DA:69,0
DA:71,0
BRDA:71,7,0,-
BRDA:71,7,1,-
DA:72,0
DA:74,0
DA:76,0
DA:77,0
DA:79,0
DA:80,0
DA:81,0
DA:84,0
BRDA:84,8,0,-
BRDA:84,8,1,-
DA:86,0
DA:87,0
DA:88,0
DA:89,0
DA:90,0
DA:92,0
DA:95,0
DA:98,0
BRDA:98,9,0,-
BRDA:98,9,1,-
DA:103,0
DA:104,0
DA:105,0
DA:106,0
DA:108,0
FN:111,stdStorageSafe.target
FNDA:0,stdStorageSafe.target
DA:112,0
DA:113,0
FN:116,stdStorageSafe.sig
FNDA:0,stdStorageSafe.sig
DA:117,0
DA:118,0
FN:121,stdStorageSafe.sig
FNDA:0,stdStorageSafe.sig
DA:122,0
DA:123,0
FN:126,stdStorageSafe.with_key
FNDA:0,stdStorageSafe.with_key
DA:127,0
DA:128,0
FN:131,stdStorageSafe.with_key
FNDA:0,stdStorageSafe.with_key
DA:132,0
DA:133,0
FN:136,stdStorageSafe.with_key
FNDA:0,stdStorageSafe.with_key
DA:137,0
DA:138,0
FN:141,stdStorageSafe.depth
FNDA:0,stdStorageSafe.depth
DA:142,0
DA:143,0
FN:146,stdStorageSafe.read
FNDA:0,stdStorageSafe.read
DA:147,0
DA:148,0
DA:149,0
FN:152,stdStorageSafe.read_bytes32
FNDA:0,stdStorageSafe.read_bytes32
DA:153,0
FN:156,stdStorageSafe.read_bool
FNDA:0,stdStorageSafe.read_bool
DA:157,0
DA:158,0
BRDA:158,10,0,-
BRDA:158,10,1,-
DA:159,0
BRDA:159,11,0,-
BRDA:159,11,1,-
DA:160,0
FN:163,stdStorageSafe.read_address
FNDA:0,stdStorageSafe.read_address
DA:164,0
FN:167,stdStorageSafe.read_uint
FNDA:0,stdStorageSafe.read_uint
DA:168,0
FN:171,stdStorageSafe.read_int
FNDA:0,stdStorageSafe.read_int
DA:172,0
FN:175,stdStorageSafe.parent
FNDA:0,stdStorageSafe.parent
DA:176,0
DA:177,0
DA:178,0
DA:179,0
DA:180,0
DA:181,0
BRDA:181,12,0,-
BRDA:181,12,1,-
DA:182,0
DA:186,0
FN:189,stdStorageSafe.root
FNDA:0,stdStorageSafe.root
DA:190,0
DA:191,0
DA:192,0
DA:193,0
DA:194,0
DA:195,0
DA:196,0
DA:197,0
DA:198,0
BRDA:198,13,0,-
BRDA:198,13,1,-
DA:199,0
DA:204,0
DA:205,0
DA:207,0
FN:210,stdStorageSafe.bytesToBytes32
FNDA:0,stdStorageSafe.bytesToBytes32
DA:211,0
DA:213,0
DA:214,0
DA:215,0
DA:217,0
FN:220,stdStorageSafe.flatten
FNDA:0,stdStorageSafe.flatten
DA:221,0
DA:222,0
DA:223,0
DA:230,0
FN:237,stdStorage.sigs
FNDA:0,stdStorage.sigs
DA:238,0
FN:241,stdStorage.find
FNDA:0,stdStorage.find
DA:242,0
FN:245,stdStorage.target
FNDA:0,stdStorage.target
DA:246,0
FN:249,stdStorage.sig
FNDA:0,stdStorage.sig
DA:250,0
FN:253,stdStorage.sig
FNDA:0,stdStorage.sig
DA:254,0
FN:257,stdStorage.with_key
FNDA:0,stdStorage.with_key
DA:258,0
FN:261,stdStorage.with_key
FNDA:0,stdStorage.with_key
DA:262,0
FN:265,stdStorage.with_key
FNDA:0,stdStorage.with_key
DA:266,0
FN:269,stdStorage.depth
FNDA:0,stdStorage.depth
DA:270,0
FN:273,stdStorage.checked_write
FNDA:0,stdStorage.checked_write
DA:274,0
FN:277,stdStorage.checked_write
FNDA:0,stdStorage.checked_write
DA:278,0
FN:281,stdStorage.checked_write_int
FNDA:0,stdStorage.checked_write_int
DA:282,0
FN:285,stdStorage.checked_write
FNDA:0,stdStorage.checked_write
DA:286,0
DA:289,0
DA:291,0
FN:294,stdStorage.checked_write
FNDA:0,stdStorage.checked_write
DA:295,0
DA:296,0
DA:297,0
DA:298,0
DA:300,0
DA:301,0
BRDA:301,0,0,-
BRDA:301,0,1,-
DA:302,0
DA:304,0
DA:306,0
DA:308,0
DA:309,0
DA:311,0
DA:313,0
BRDA:313,1,0,-
BRDA:313,1,1,-
DA:314,0
BRDA:314,2,0,-
BRDA:314,2,1,-
DA:319,0
DA:320,0
DA:321,0
DA:322,0
DA:323,0
FN:326,stdStorage.read_bytes32
FNDA:0,stdStorage.read_bytes32
DA:327,0
FN:330,stdStorage.read_bool
FNDA:0,stdStorage.read_bool
DA:331,0
FN:334,stdStorage.read_address
FNDA:0,stdStorage.read_address
DA:335,0
FN:338,stdStorage.read_uint
FNDA:0,stdStorage.read_uint
DA:339,0
FN:342,stdStorage.read_int
FNDA:0,stdStorage.read_int
DA:343,0
FN:346,stdStorage.parent
FNDA:0,stdStorage.parent
DA:347,0
FN:350,stdStorage.root
FNDA:0,stdStorage.root
DA:351,0
FN:355,stdStorage.bytesToBytes32
FNDA:0,stdStorage.bytesToBytes32
DA:356,0
DA:358,0
DA:359,0
DA:360,0
DA:362,0
FN:366,stdStorage.flatten
FNDA:0,stdStorage.flatten
DA:367,0
DA:368,0
DA:369,0
DA:376,0
FNF:42
FNH:0
LF:154
LH:0
BRF:34
BRH:0
end_of_record
TN:
SF:node_modules/forge-std/src/StdStyle.sol
FN:22,StdStyle.styleConcat
FNDA:0,StdStyle.styleConcat
DA:23,0
FN:26,StdStyle.red
FNDA:0,StdStyle.red
DA:27,0
FN:30,StdStyle.red
FNDA:0,StdStyle.red
DA:31,0
FN:34,StdStyle.red
FNDA:0,StdStyle.red
DA:35,0
FN:38,StdStyle.red
FNDA:0,StdStyle.red
DA:39,0
FN:42,StdStyle.red
FNDA:0,StdStyle.red
DA:43,0
FN:46,StdStyle.redBytes
FNDA:0,StdStyle.redBytes
DA:47,0
FN:50,StdStyle.redBytes32
FNDA:0,StdStyle.redBytes32
DA:51,0
FN:54,StdStyle.green
FNDA:0,StdStyle.green
DA:55,0
FN:58,StdStyle.green
FNDA:0,StdStyle.green
DA:59,0
FN:62,StdStyle.green
FNDA:0,StdStyle.green
DA:63,0
FN:66,StdStyle.green
FNDA:0,StdStyle.green
DA:67,0
FN:70,StdStyle.green
FNDA:0,StdStyle.green
DA:71,0
FN:74,StdStyle.greenBytes
FNDA:0,StdStyle.greenBytes
DA:75,0
FN:78,StdStyle.greenBytes32
FNDA:0,StdStyle.greenBytes32
DA:79,0
FN:82,StdStyle.yellow
FNDA:0,StdStyle.yellow
DA:83,0
FN:86,StdStyle.yellow
FNDA:0,StdStyle.yellow
DA:87,0
FN:90,StdStyle.yellow
FNDA:0,StdStyle.yellow
DA:91,0
FN:94,StdStyle.yellow
FNDA:0,StdStyle.yellow
DA:95,0
FN:98,StdStyle.yellow
FNDA:0,StdStyle.yellow
DA:99,0
FN:102,StdStyle.yellowBytes
FNDA:0,StdStyle.yellowBytes
DA:103,0
FN:106,StdStyle.yellowBytes32
FNDA:0,StdStyle.yellowBytes32
DA:107,0
FN:110,StdStyle.blue
FNDA:0,StdStyle.blue
DA:111,0
FN:114,StdStyle.blue
FNDA:0,StdStyle.blue
DA:115,0
FN:118,StdStyle.blue
FNDA:0,StdStyle.blue
DA:119,0
FN:122,StdStyle.blue
FNDA:0,StdStyle.blue
DA:123,0
FN:126,StdStyle.blue
FNDA:0,StdStyle.blue
DA:127,0
FN:130,StdStyle.blueBytes
FNDA:0,StdStyle.blueBytes
DA:131,0
FN:134,StdStyle.blueBytes32
FNDA:0,StdStyle.blueBytes32
DA:135,0
FN:138,StdStyle.magenta
FNDA:0,StdStyle.magenta
DA:139,0
FN:142,StdStyle.magenta
FNDA:0,StdStyle.magenta
DA:143,0
FN:146,StdStyle.magenta
FNDA:0,StdStyle.magenta
DA:147,0
FN:150,StdStyle.magenta
FNDA:0,StdStyle.magenta
DA:151,0
FN:154,StdStyle.magenta
FNDA:0,StdStyle.magenta
DA:155,0
FN:158,StdStyle.magentaBytes
FNDA:0,StdStyle.magentaBytes
DA:159,0
FN:162,StdStyle.magentaBytes32
FNDA:0,StdStyle.magentaBytes32
DA:163,0
FN:166,StdStyle.cyan
FNDA:0,StdStyle.cyan
DA:167,0
FN:170,StdStyle.cyan
FNDA:0,StdStyle.cyan
DA:171,0
FN:174,StdStyle.cyan
FNDA:0,StdStyle.cyan
DA:175,0
FN:178,StdStyle.cyan
FNDA:0,StdStyle.cyan
DA:179,0
FN:182,StdStyle.cyan
FNDA:0,StdStyle.cyan
DA:183,0
FN:186,StdStyle.cyanBytes
FNDA:0,StdStyle.cyanBytes
DA:187,0
FN:190,StdStyle.cyanBytes32
FNDA:0,StdStyle.cyanBytes32
DA:191,0
FN:194,StdStyle.bold
FNDA:0,StdStyle.bold
DA:195,0
FN:198,StdStyle.bold
FNDA:0,StdStyle.bold
DA:199,0
FN:202,StdStyle.bold
FNDA:0,StdStyle.bold
DA:203,0
FN:206,StdStyle.bold
FNDA:0,StdStyle.bold
DA:207,0
FN:210,StdStyle.bold
FNDA:0,StdStyle.bold
DA:211,0
FN:214,StdStyle.boldBytes
FNDA:0,StdStyle.boldBytes
DA:215,0
FN:218,StdStyle.boldBytes32
FNDA:0,StdStyle.boldBytes32
DA:219,0
FN:222,StdStyle.dim
FNDA:0,StdStyle.dim
DA:223,0
FN:226,StdStyle.dim
FNDA:0,StdStyle.dim
DA:227,0
FN:230,StdStyle.dim
FNDA:0,StdStyle.dim
DA:231,0
FN:234,StdStyle.dim
FNDA:0,StdStyle.dim
DA:235,0
FN:238,StdStyle.dim
FNDA:0,StdStyle.dim
DA:239,0
FN:242,StdStyle.dimBytes
FNDA:0,StdStyle.dimBytes
DA:243,0
FN:246,StdStyle.dimBytes32
FNDA:0,StdStyle.dimBytes32
DA:247,0
FN:250,StdStyle.italic
FNDA:0,StdStyle.italic
DA:251,0
FN:254,StdStyle.italic
FNDA:0,StdStyle.italic
DA:255,0
FN:258,StdStyle.italic
FNDA:0,StdStyle.italic
DA:259,0
FN:262,StdStyle.italic
FNDA:0,StdStyle.italic
DA:263,0
FN:266,StdStyle.italic
FNDA:0,StdStyle.italic
DA:267,0
FN:270,StdStyle.italicBytes
FNDA:0,StdStyle.italicBytes
DA:271,0
FN:274,StdStyle.italicBytes32
FNDA:0,StdStyle.italicBytes32
DA:275,0
FN:278,StdStyle.underline
FNDA:0,StdStyle.underline
DA:279,0
FN:282,StdStyle.underline
FNDA:0,StdStyle.underline
DA:283,0
FN:286,StdStyle.underline
FNDA:0,StdStyle.underline
DA:287,0
FN:290,StdStyle.underline
FNDA:0,StdStyle.underline
DA:291,0
FN:294,StdStyle.underline
FNDA:0,StdStyle.underline
DA:295,0
FN:298,StdStyle.underlineBytes
FNDA:0,StdStyle.underlineBytes
DA:299,0
FN:302,StdStyle.underlineBytes32
FNDA:0,StdStyle.underlineBytes32
DA:303,0
FN:306,StdStyle.inverse
FNDA:0,StdStyle.inverse
DA:307,0
FN:310,StdStyle.inverse
FNDA:0,StdStyle.inverse
DA:311,0
FN:314,StdStyle.inverse
FNDA:0,StdStyle.inverse
DA:315,0
FN:318,StdStyle.inverse
FNDA:0,StdStyle.inverse
DA:319,0
FN:322,StdStyle.inverse
FNDA:0,StdStyle.inverse
DA:323,0
FN:326,StdStyle.inverseBytes
FNDA:0,StdStyle.inverseBytes
DA:327,0
FN:330,StdStyle.inverseBytes32
FNDA:0,StdStyle.inverseBytes32
DA:331,0
FNF:78
FNH:0
LF:78
LH:0
BRF:0
BRH:0
end_of_record
TN:
SF:node_modules/forge-std/src/StdUtils.sol
FN:33,StdUtils._bound
FNDA:0,StdUtils._bound
DA:34,0
BRDA:34,0,0,-
BRDA:34,0,1,-
DA:37,0
BRDA:37,1,0,-
BRDA:37,1,1,-
DA:39,0
DA:43,0
BRDA:43,2,0,-
BRDA:43,2,1,-
DA:44,0
BRDA:44,3,0,-
BRDA:44,3,1,-
DA:47,0
BRDA:47,4,0,-
BRDA:47,4,1,-
DA:48,0
DA:49,0
DA:50,0
BRDA:50,5,0,-
BRDA:50,5,1,-
DA:51,0
DA:52,0
BRDA:52,6,0,-
BRDA:52,6,1,-
DA:53,0
DA:54,0
DA:55,0
BRDA:55,7,0,-
BRDA:55,7,1,-
DA:56,0
FN:60,StdUtils.bound
FNDA:0,StdUtils.bound
DA:61,0
DA:62,0
FN:65,StdUtils._bound
FNDA:0,StdUtils._bound
DA:66,0
BRDA:66,8,0,-
BRDA:66,8,1,-
DA:75,0
DA:76,0
DA:77,0
DA:79,0
DA:82,0
FN:85,StdUtils.bound
FNDA:0,StdUtils.bound
DA:86,0
DA:87,0
FN:90,StdUtils.boundPrivateKey
FNDA:0,StdUtils.boundPrivateKey
DA:91,0
FN:94,StdUtils.bytesToUint
FNDA:0,StdUtils.bytesToUint
DA:95,0
BRDA:95,9,0,-
BRDA:95,9,1,-
DA:96,0
FN:101,StdUtils.computeCreateAddress
FNDA:0,StdUtils.computeCreateAddress
DA:102,0
DA:103,0
FN:106,StdUtils.computeCreate2Address
FNDA:0,StdUtils.computeCreate2Address
DA:112,0
DA:113,0
FN:117,StdUtils.computeCreate2Address
FNDA:0,StdUtils.computeCreate2Address
DA:118,0
DA:119,0
FN:123,StdUtils.deployMockERC20
FNDA:0,StdUtils.deployMockERC20
DA:127,0
DA:128,0
FN:132,StdUtils.deployMockERC721
FNDA:0,StdUtils.deployMockERC721
DA:133,0
DA:134,0
FN:139,StdUtils.hashInitCode
FNDA:0,StdUtils.hashInitCode
DA:140,0
FN:146,StdUtils.hashInitCode
FNDA:0,StdUtils.hashInitCode
DA:147,0
FN:151,StdUtils.getTokenBalances
FNDA:0,StdUtils.getTokenBalances
DA:156,0
DA:158,0
DA:160,0
BRDA:160,10,0,-
BRDA:160,10,1,-
DA:163,0
DA:164,0
DA:165,0
DA:167,0
DA:171,0
DA:174,0
DA:175,0
DA:176,0
FN:184,StdUtils.addressFromLast20Bytes
FNDA:0,StdUtils.addressFromLast20Bytes
DA:185,0
FN:191,StdUtils._castLogPayloadViewToPure
FNDA:0,StdUtils._castLogPayloadViewToPure
DA:197,0
FN:201,StdUtils._sendLogPayload
FNDA:0,StdUtils._sendLogPayload
DA:202,0
FN:205,StdUtils._sendLogPayloadView
FNDA:0,StdUtils._sendLogPayloadView
DA:206,0
DA:207,0
FN:215,StdUtils.console2_log_StdUtils
FNDA:0,StdUtils.console2_log_StdUtils
DA:216,0
FN:219,StdUtils.console2_log_StdUtils
FNDA:0,StdUtils.console2_log_StdUtils
DA:220,0
FN:223,StdUtils.console2_log_StdUtils
FNDA:0,StdUtils.console2_log_StdUtils
DA:224,0
FNF:21
FNH:0
LF:59
LH:0
BRF:22
BRH:0
end_of_record
TN:
SF:node_modules/forge-std/src/console.sol
FN:7,console._sendLogPayload
FNDA:0,console._sendLogPayload
DA:8,0
DA:9,0
FN:17,console.log
FNDA:0,console.log
DA:18,0
FN:21,console.logInt
FNDA:0,console.logInt
DA:22,0
FN:25,console.logUint
FNDA:0,console.logUint
DA:26,0
FN:29,console.logString
FNDA:0,console.logString
DA:30,0
FN:33,console.logBool
FNDA:0,console.logBool
DA:34,0
FN:37,console.logAddress
FNDA:0,console.logAddress
DA:38,0
FN:41,console.logBytes
FNDA:0,console.logBytes
DA:42,0
FN:45,console.logBytes1
FNDA:0,console.logBytes1
DA:46,0
FN:49,console.logBytes2
FNDA:0,console.logBytes2
DA:50,0
FN:53,console.logBytes3
FNDA:0,console.logBytes3
DA:54,0
FN:57,console.logBytes4
FNDA:0,console.logBytes4
DA:58,0
FN:61,console.logBytes5
FNDA:0,console.logBytes5
DA:62,0
FN:65,console.logBytes6
FNDA:0,console.logBytes6
DA:66,0
FN:69,console.logBytes7
FNDA:0,console.logBytes7
DA:70,0
FN:73,console.logBytes8
FNDA:0,console.logBytes8
DA:74,0
FN:77,console.logBytes9
FNDA:0,console.logBytes9
DA:78,0
FN:81,console.logBytes10
FNDA:0,console.logBytes10
DA:82,0
FN:85,console.logBytes11
FNDA:0,console.logBytes11
DA:86,0
FN:89,console.logBytes12
FNDA:0,console.logBytes12
DA:90,0
FN:93,console.logBytes13
FNDA:0,console.logBytes13
DA:94,0
FN:97,console.logBytes14
FNDA:0,console.logBytes14
DA:98,0
FN:101,console.logBytes15
FNDA:0,console.logBytes15
DA:102,0
FN:105,console.logBytes16
FNDA:0,console.logBytes16
DA:106,0
FN:109,console.logBytes17
FNDA:0,console.logBytes17
DA:110,0
FN:113,console.logBytes18
FNDA:0,console.logBytes18
DA:114,0
FN:117,console.logBytes19
FNDA:0,console.logBytes19
DA:118,0
FN:121,console.logBytes20
FNDA:0,console.logBytes20
DA:122,0
FN:125,console.logBytes21
FNDA:0,console.logBytes21
DA:126,0
FN:129,console.logBytes22
FNDA:0,console.logBytes22
DA:130,0
FN:133,console.logBytes23
FNDA:0,console.logBytes23
DA:134,0
FN:137,console.logBytes24
FNDA:0,console.logBytes24
DA:138,0
FN:141,console.logBytes25
FNDA:0,console.logBytes25
DA:142,0
FN:145,console.logBytes26
FNDA:0,console.logBytes26
DA:146,0
FN:149,console.logBytes27
FNDA:0,console.logBytes27
DA:150,0
FN:153,console.logBytes28
FNDA:0,console.logBytes28
DA:154,0
FN:157,console.logBytes29
FNDA:0,console.logBytes29
DA:158,0
FN:161,console.logBytes30
FNDA:0,console.logBytes30
DA:162,0
FN:165,console.logBytes31
FNDA:0,console.logBytes31
DA:166,0
FN:169,console.logBytes32
FNDA:0,console.logBytes32
DA:170,0
FN:173,console.log
FNDA:0,console.log
DA:174,0
FN:177,console.log
FNDA:0,console.log
DA:178,0
FN:181,console.log
FNDA:0,console.log
DA:182,0
FN:185,console.log
FNDA:0,console.log
DA:186,0
FN:189,console.log
FNDA:0,console.log
DA:190,0
FN:193,console.log
FNDA:0,console.log
DA:194,0
FN:197,console.log
FNDA:0,console.log
DA:198,0
FN:201,console.log
FNDA:0,console.log
DA:202,0
FN:205,console.log
FNDA:0,console.log
DA:206,0
FN:209,console.log
FNDA:0,console.log
DA:210,0
FN:213,console.log
FNDA:0,console.log
DA:214,0
FN:217,console.log
FNDA:0,console.log
DA:218,0
FN:221,console.log
FNDA:0,console.log
DA:222,0
FN:225,console.log
FNDA:0,console.log
DA:226,0
FN:229,console.log
FNDA:0,console.log
DA:230,0
FN:233,console.log
FNDA:0,console.log
DA:234,0
FN:237,console.log
FNDA:0,console.log
DA:238,0
FN:241,console.log
FNDA:0,console.log
DA:242,0
FN:245,console.log
FNDA:0,console.log
DA:246,0
FN:249,console.log
FNDA:0,console.log
DA:250,0
FN:253,console.log
FNDA:0,console.log
DA:254,0
FN:257,console.log
FNDA:0,console.log
DA:258,0
FN:261,console.log
FNDA:0,console.log
DA:262,0
FN:265,console.log
FNDA:0,console.log
DA:266,0
FN:269,console.log
FNDA:0,console.log
DA:270,0
FN:273,console.log
FNDA:0,console.log
DA:274,0
FN:277,console.log
FNDA:0,console.log
DA:278,0
FN:281,console.log
FNDA:0,console.log
DA:282,0
FN:285,console.log
FNDA:0,console.log
DA:286,0
FN:289,console.log
FNDA:0,console.log
DA:290,0
FN:293,console.log
FNDA:0,console.log
DA:294,0
FN:297,console.log
FNDA:0,console.log
DA:298,0
FN:301,console.log
FNDA:0,console.log
DA:302,0
FN:305,console.log
FNDA:0,console.log
DA:306,0
FN:309,console.log
FNDA:0,console.log
DA:310,0
FN:313,console.log
FNDA:0,console.log
DA:314,0
FN:317,console.log
FNDA:0,console.log
DA:318,0
FN:321,console.log
FNDA:0,console.log
DA:322,0
FN:325,console.log
FNDA:0,console.log
DA:326,0
FN:329,console.log
FNDA:0,console.log
DA:330,0
FN:333,console.log
FNDA:0,console.log
DA:334,0
FN:337,console.log
FNDA:0,console.log
DA:338,0
FN:341,console.log
FNDA:0,console.log
DA:342,0
FN:345,console.log
FNDA:0,console.log
DA:346,0
FN:349,console.log
FNDA:0,console.log
DA:350,0
FN:353,console.log
FNDA:0,console.log
DA:354,0
FN:357,console.log
FNDA:0,console.log
DA:358,0
FN:361,console.log
FNDA:0,console.log
DA:362,0
FN:365,console.log
FNDA:0,console.log
DA:366,0
FN:369,console.log
FNDA:0,console.log
DA:370,0
FN:373,console.log
FNDA:0,console.log
DA:374,0
FN:377,console.log
FNDA:0,console.log
DA:378,0
FN:381,console.log
FNDA:0,console.log
DA:382,0
FN:385,console.log
FNDA:0,console.log
DA:386,0
FN:389,console.log
FNDA:0,console.log
DA:390,0
FN:393,console.log
FNDA:0,console.log
DA:394,0
FN:397,console.log
FNDA:0,console.log
DA:398,0
FN:401,console.log
FNDA:0,console.log
DA:402,0
FN:405,console.log
FNDA:0,console.log
DA:406,0
FN:409,console.log
FNDA:0,console.log
DA:410,0
FN:413,console.log
FNDA:0,console.log
DA:414,0
FN:417,console.log
FNDA:0,console.log
DA:418,0
FN:421,console.log
FNDA:0,console.log
DA:422,0
FN:425,console.log
FNDA:0,console.log
DA:426,0
FN:429,console.log
FNDA:0,console.log
DA:430,0
FN:433,console.log
FNDA:0,console.log
DA:434,0
FN:437,console.log
FNDA:0,console.log
DA:438,0
FN:441,console.log
FNDA:0,console.log
DA:442,0
FN:445,console.log
FNDA:0,console.log
DA:446,0
FN:449,console.log
FNDA:0,console.log
DA:450,0
FN:453,console.log
FNDA:0,console.log
DA:454,0
FN:457,console.log
FNDA:0,console.log
DA:458,0
FN:461,console.log
FNDA:0,console.log
DA:462,0
FN:465,console.log
FNDA:0,console.log
DA:466,0
FN:469,console.log
FNDA:0,console.log
DA:470,0
FN:473,console.log
FNDA:0,console.log
DA:474,0
FN:477,console.log
FNDA:0,console.log
DA:478,0
FN:481,console.log
FNDA:0,console.log
DA:482,0
FN:485,console.log
FNDA:0,console.log
DA:486,0
FN:489,console.log
FNDA:0,console.log
DA:490,0
FN:493,console.log
FNDA:0,console.log
DA:494,0
FN:497,console.log
FNDA:0,console.log
DA:498,0
FN:501,console.log
FNDA:0,console.log
DA:502,0
FN:505,console.log
FNDA:0,console.log
DA:506,0
FN:509,console.log
FNDA:0,console.log
DA:510,0
FN:513,console.log
FNDA:0,console.log
DA:514,0
FN:517,console.log
FNDA:0,console.log
DA:518,0
FN:521,console.log
FNDA:0,console.log
DA:522,0
FN:525,console.log
FNDA:0,console.log
DA:526,0
FN:529,console.log
FNDA:0,console.log
DA:530,0
FN:533,console.log
FNDA:0,console.log
DA:534,0
FN:537,console.log
FNDA:0,console.log
DA:538,0
FN:541,console.log
FNDA:0,console.log
DA:542,0
FN:545,console.log
FNDA:0,console.log
DA:546,0
FN:549,console.log
FNDA:0,console.log
DA:550,0
FN:553,console.log
FNDA:0,console.log
DA:554,0
FN:557,console.log
FNDA:0,console.log
DA:558,0
FN:561,console.log
FNDA:0,console.log
DA:562,0
FN:565,console.log
FNDA:0,console.log
DA:566,0
FN:569,console.log
FNDA:0,console.log
DA:570,0
FN:573,console.log
FNDA:0,console.log
DA:574,0
FN:577,console.log
FNDA:0,console.log
DA:578,0
FN:581,console.log
FNDA:0,console.log
DA:582,0
FN:585,console.log
FNDA:0,console.log
DA:586,0
FN:589,console.log
FNDA:0,console.log
DA:590,0
FN:593,console.log
FNDA:0,console.log
DA:594,0
FN:597,console.log
FNDA:0,console.log
DA:598,0
FN:601,console.log
FNDA:0,console.log
DA:602,0
FN:605,console.log
FNDA:0,console.log
DA:606,0
FN:609,console.log
FNDA:0,console.log
DA:610,0
FN:613,console.log
FNDA:0,console.log
DA:614,0
FN:617,console.log
FNDA:0,console.log
DA:618,0
FN:621,console.log
FNDA:0,console.log
DA:622,0
FN:625,console.log
FNDA:0,console.log
DA:626,0
FN:629,console.log
FNDA:0,console.log
DA:630,0
FN:633,console.log
FNDA:0,console.log
DA:634,0
FN:637,console.log
FNDA:0,console.log
DA:638,0
FN:641,console.log
FNDA:0,console.log
DA:642,0
FN:645,console.log
FNDA:0,console.log
DA:646,0
FN:649,console.log
FNDA:0,console.log
DA:650,0
FN:653,console.log
FNDA:0,console.log
DA:654,0
FN:657,console.log
FNDA:0,console.log
DA:658,0
FN:661,console.log
FNDA:0,console.log
DA:662,0
FN:665,console.log
FNDA:0,console.log
DA:666,0
FN:669,console.log
FNDA:0,console.log
DA:670,0
FN:673,console.log
FNDA:0,console.log
DA:674,0
FN:677,console.log
FNDA:0,console.log
DA:678,0
FN:681,console.log
FNDA:0,console.log
DA:682,0
FN:685,console.log
FNDA:0,console.log
DA:686,0
FN:689,console.log
FNDA:0,console.log
DA:690,0
FN:693,console.log
FNDA:0,console.log
DA:694,0
FN:697,console.log
FNDA:0,console.log
DA:698,0
FN:701,console.log
FNDA:0,console.log
DA:702,0
FN:705,console.log
FNDA:0,console.log
DA:706,0
FN:709,console.log
FNDA:0,console.log
DA:710,0
FN:713,console.log
FNDA:0,console.log
DA:714,0
FN:717,console.log
FNDA:0,console.log
DA:718,0
FN:721,console.log
FNDA:0,console.log
DA:722,0
FN:725,console.log
FNDA:0,console.log
DA:726,0
FN:729,console.log
FNDA:0,console.log
DA:730,0
FN:733,console.log
FNDA:0,console.log
DA:734,0
FN:737,console.log
FNDA:0,console.log
DA:738,0
FN:741,console.log
FNDA:0,console.log
DA:742,0
FN:745,console.log
FNDA:0,console.log
DA:746,0
FN:749,console.log
FNDA:0,console.log
DA:750,0
FN:753,console.log
FNDA:0,console.log
DA:754,0
FN:757,console.log
FNDA:0,console.log
DA:758,0
FN:761,console.log
FNDA:0,console.log
DA:762,0
FN:765,console.log
FNDA:0,console.log
DA:766,0
FN:769,console.log
FNDA:0,console.log
DA:770,0
FN:773,console.log
FNDA:0,console.log
DA:774,0
FN:777,console.log
FNDA:0,console.log
DA:778,0
FN:781,console.log
FNDA:0,console.log
DA:782,0
FN:785,console.log
FNDA:0,console.log
DA:786,0
FN:789,console.log
FNDA:0,console.log
DA:790,0
FN:793,console.log
FNDA:0,console.log
DA:794,0
FN:797,console.log
FNDA:0,console.log
DA:798,0
FN:801,console.log
FNDA:0,console.log
DA:802,0
FN:805,console.log
FNDA:0,console.log
DA:806,0
FN:809,console.log
FNDA:0,console.log
DA:810,0
FN:813,console.log
FNDA:0,console.log
DA:814,0
FN:817,console.log
FNDA:0,console.log
DA:818,0
FN:821,console.log
FNDA:0,console.log
DA:822,0
FN:825,console.log
FNDA:0,console.log
DA:826,0
FN:829,console.log
FNDA:0,console.log
DA:830,0
FN:833,console.log
FNDA:0,console.log
DA:834,0
FN:837,console.log
FNDA:0,console.log
DA:838,0
FN:841,console.log
FNDA:0,console.log
DA:842,0
FN:845,console.log
FNDA:0,console.log
DA:846,0
FN:849,console.log
FNDA:0,console.log
DA:850,0
FN:853,console.log
FNDA:0,console.log
DA:854,0
FN:857,console.log
FNDA:0,console.log
DA:858,0
FN:861,console.log
FNDA:0,console.log
DA:862,0
FN:865,console.log
FNDA:0,console.log
DA:866,0
FN:869,console.log
FNDA:0,console.log
DA:870,0
FN:873,console.log
FNDA:0,console.log
DA:874,0
FN:877,console.log
FNDA:0,console.log
DA:878,0
FN:881,console.log
FNDA:0,console.log
DA:882,0
FN:885,console.log
FNDA:0,console.log
DA:886,0
FN:889,console.log
FNDA:0,console.log
DA:890,0
FN:893,console.log
FNDA:0,console.log
DA:894,0
FN:897,console.log
FNDA:0,console.log
DA:898,0
FN:901,console.log
FNDA:0,console.log
DA:902,0
FN:905,console.log
FNDA:0,console.log
DA:906,0
FN:909,console.log
FNDA:0,console.log
DA:910,0
FN:913,console.log
FNDA:0,console.log
DA:914,0
FN:917,console.log
FNDA:0,console.log
DA:918,0
FN:921,console.log
FNDA:0,console.log
DA:922,0
FN:925,console.log
FNDA:0,console.log
DA:926,0
FN:929,console.log
FNDA:0,console.log
DA:930,0
FN:933,console.log
FNDA:0,console.log
DA:934,0
FN:937,console.log
FNDA:0,console.log
DA:938,0
FN:941,console.log
FNDA:0,console.log
DA:942,0
FN:945,console.log
FNDA:0,console.log
DA:946,0
FN:949,console.log
FNDA:0,console.log
DA:950,0
FN:953,console.log
FNDA:0,console.log
DA:954,0
FN:957,console.log
FNDA:0,console.log
DA:958,0
FN:961,console.log
FNDA:0,console.log
DA:962,0
FN:965,console.log
FNDA:0,console.log
DA:966,0
FN:969,console.log
FNDA:0,console.log
DA:970,0
FN:973,console.log
FNDA:0,console.log
DA:974,0
FN:977,console.log
FNDA:0,console.log
DA:978,0
FN:981,console.log
FNDA:0,console.log
DA:982,0
FN:985,console.log
FNDA:0,console.log
DA:986,0
FN:989,console.log
FNDA:0,console.log
DA:990,0
FN:993,console.log
FNDA:0,console.log
DA:994,0
FN:997,console.log
FNDA:0,console.log
DA:998,0
FN:1001,console.log
FNDA:0,console.log
DA:1002,0
FN:1005,console.log
FNDA:0,console.log
DA:1006,0
FN:1009,console.log
FNDA:0,console.log
DA:1010,0
FN:1013,console.log
FNDA:0,console.log
DA:1014,0
FN:1017,console.log
FNDA:0,console.log
DA:1018,0
FN:1021,console.log
FNDA:0,console.log
DA:1022,0
FN:1025,console.log
FNDA:0,console.log
DA:1026,0
FN:1029,console.log
FNDA:0,console.log
DA:1030,0
FN:1033,console.log
FNDA:0,console.log
DA:1034,0
FN:1037,console.log
FNDA:0,console.log
DA:1038,0
FN:1041,console.log
FNDA:0,console.log
DA:1042,0
FN:1045,console.log
FNDA:0,console.log
DA:1046,0
FN:1049,console.log
FNDA:0,console.log
DA:1050,0
FN:1053,console.log
FNDA:0,console.log
DA:1054,0
FN:1057,console.log
FNDA:0,console.log
DA:1058,0
FN:1061,console.log
FNDA:0,console.log
DA:1062,0
FN:1065,console.log
FNDA:0,console.log
DA:1066,0
FN:1069,console.log
FNDA:0,console.log
DA:1070,0
FN:1073,console.log
FNDA:0,console.log
DA:1074,0
FN:1077,console.log
FNDA:0,console.log
DA:1078,0
FN:1081,console.log
FNDA:0,console.log
DA:1082,0
FN:1085,console.log
FNDA:0,console.log
DA:1086,0
FN:1089,console.log
FNDA:0,console.log
DA:1090,0
FN:1093,console.log
FNDA:0,console.log
DA:1094,0
FN:1097,console.log
FNDA:0,console.log
DA:1098,0
FN:1101,console.log
FNDA:0,console.log
DA:1102,0
FN:1105,console.log
FNDA:0,console.log
DA:1106,0
FN:1109,console.log
FNDA:0,console.log
DA:1110,0
FN:1113,console.log
FNDA:0,console.log
DA:1114,0
FN:1117,console.log
FNDA:0,console.log
DA:1118,0
FN:1121,console.log
FNDA:0,console.log
DA:1122,0
FN:1125,console.log
FNDA:0,console.log
DA:1126,0
FN:1129,console.log
FNDA:0,console.log
DA:1130,0
FN:1133,console.log
FNDA:0,console.log
DA:1134,0
FN:1137,console.log
FNDA:0,console.log
DA:1138,0
FN:1141,console.log
FNDA:0,console.log
DA:1142,0
FN:1145,console.log
FNDA:0,console.log
DA:1146,0
FN:1149,console.log
FNDA:0,console.log
DA:1150,0
FN:1153,console.log
FNDA:0,console.log
DA:1154,0
FN:1157,console.log
FNDA:0,console.log
DA:1158,0
FN:1161,console.log
FNDA:0,console.log
DA:1162,0
FN:1165,console.log
FNDA:0,console.log
DA:1166,0
FN:1169,console.log
FNDA:0,console.log
DA:1170,0
FN:1173,console.log
FNDA:0,console.log
DA:1174,0
FN:1177,console.log
FNDA:0,console.log
DA:1178,0
FN:1181,console.log
FNDA:0,console.log
DA:1182,0
FN:1185,console.log
FNDA:0,console.log
DA:1186,0
FN:1189,console.log
FNDA:0,console.log
DA:1190,0
FN:1193,console.log
FNDA:0,console.log
DA:1194,0
FN:1197,console.log
FNDA:0,console.log
DA:1198,0
FN:1201,console.log
FNDA:0,console.log
DA:1202,0
FN:1205,console.log
FNDA:0,console.log
DA:1206,0
FN:1209,console.log
FNDA:0,console.log
DA:1210,0
FN:1213,console.log
FNDA:0,console.log
DA:1214,0
FN:1217,console.log
FNDA:0,console.log
DA:1218,0
FN:1221,console.log
FNDA:0,console.log
DA:1222,0
FN:1225,console.log
FNDA:0,console.log
DA:1226,0
FN:1229,console.log
FNDA:0,console.log
DA:1230,0
FN:1233,console.log
FNDA:0,console.log
DA:1234,0
FN:1237,console.log
FNDA:0,console.log
DA:1238,0
FN:1241,console.log
FNDA:0,console.log
DA:1242,0
FN:1245,console.log
FNDA:0,console.log
DA:1246,0
FN:1249,console.log
FNDA:0,console.log
DA:1250,0
FN:1253,console.log
FNDA:0,console.log
DA:1254,0
FN:1257,console.log
FNDA:0,console.log
DA:1258,0
FN:1261,console.log
FNDA:0,console.log
DA:1262,0
FN:1265,console.log
FNDA:0,console.log
DA:1266,0
FN:1269,console.log
FNDA:0,console.log
DA:1270,0
FN:1273,console.log
FNDA:0,console.log
DA:1274,0
FN:1277,console.log
FNDA:0,console.log
DA:1278,0
FN:1281,console.log
FNDA:0,console.log
DA:1282,0
FN:1285,console.log
FNDA:0,console.log
DA:1286,0
FN:1289,console.log
FNDA:0,console.log
DA:1290,0
FN:1293,console.log
FNDA:0,console.log
DA:1294,0
FN:1297,console.log
FNDA:0,console.log
DA:1298,0
FN:1301,console.log
FNDA:0,console.log
DA:1302,0
FN:1305,console.log
FNDA:0,console.log
DA:1306,0
FN:1309,console.log
FNDA:0,console.log
DA:1310,0
FN:1313,console.log
FNDA:0,console.log
DA:1314,0
FN:1317,console.log
FNDA:0,console.log
DA:1318,0
FN:1321,console.log
FNDA:0,console.log
DA:1322,0
FN:1325,console.log
FNDA:0,console.log
DA:1326,0
FN:1329,console.log
FNDA:0,console.log
DA:1330,0
FN:1333,console.log
FNDA:0,console.log
DA:1334,0
FN:1337,console.log
FNDA:0,console.log
DA:1338,0
FN:1341,console.log
FNDA:0,console.log
DA:1342,0
FN:1345,console.log
FNDA:0,console.log
DA:1346,0
FN:1349,console.log
FNDA:0,console.log
DA:1350,0
FN:1353,console.log
FNDA:0,console.log
DA:1354,0
FN:1357,console.log
FNDA:0,console.log
DA:1358,0
FN:1361,console.log
FNDA:0,console.log
DA:1362,0
FN:1365,console.log
FNDA:0,console.log
DA:1366,0
FN:1369,console.log
FNDA:0,console.log
DA:1370,0
FN:1373,console.log
FNDA:0,console.log
DA:1374,0
FN:1377,console.log
FNDA:0,console.log
DA:1378,0
FN:1381,console.log
FNDA:0,console.log
DA:1382,0
FN:1385,console.log
FNDA:0,console.log
DA:1386,0
FN:1389,console.log
FNDA:0,console.log
DA:1390,0
FN:1393,console.log
FNDA:0,console.log
DA:1394,0
FN:1397,console.log
FNDA:0,console.log
DA:1398,0
FN:1401,console.log
FNDA:0,console.log
DA:1402,0
FN:1405,console.log
FNDA:0,console.log
DA:1406,0
FN:1409,console.log
FNDA:0,console.log
DA:1410,0
FN:1413,console.log
FNDA:0,console.log
DA:1414,0
FN:1417,console.log
FNDA:0,console.log
DA:1418,0
FN:1421,console.log
FNDA:0,console.log
DA:1422,0
FN:1425,console.log
FNDA:0,console.log
DA:1426,0
FN:1429,console.log
FNDA:0,console.log
DA:1430,0
FN:1433,console.log
FNDA:0,console.log
DA:1434,0
FN:1437,console.log
FNDA:0,console.log
DA:1438,0
FN:1441,console.log
FNDA:0,console.log
DA:1442,0
FN:1445,console.log
FNDA:0,console.log
DA:1446,0
FN:1449,console.log
FNDA:0,console.log
DA:1450,0
FN:1453,console.log
FNDA:0,console.log
DA:1454,0
FN:1457,console.log
FNDA:0,console.log
DA:1458,0
FN:1461,console.log
FNDA:0,console.log
DA:1462,0
FN:1465,console.log
FNDA:0,console.log
DA:1466,0
FN:1469,console.log
FNDA:0,console.log
DA:1470,0
FN:1473,console.log
FNDA:0,console.log
DA:1474,0
FN:1477,console.log
FNDA:0,console.log
DA:1478,0
FN:1481,console.log
FNDA:0,console.log
DA:1482,0
FN:1485,console.log
FNDA:0,console.log
DA:1486,0
FN:1489,console.log
FNDA:0,console.log
DA:1490,0
FN:1493,console.log
FNDA:0,console.log
DA:1494,0
FN:1497,console.log
FNDA:0,console.log
DA:1498,0
FN:1501,console.log
FNDA:0,console.log
DA:1502,0
FN:1505,console.log
FNDA:0,console.log
DA:1506,0
FN:1509,console.log
FNDA:0,console.log
DA:1510,0
FN:1513,console.log
FNDA:0,console.log
DA:1514,0
FN:1517,console.log
FNDA:0,console.log
DA:1518,0
FN:1521,console.log
FNDA:0,console.log
DA:1522,0
FN:1525,console.log
FNDA:0,console.log
DA:1526,0
FN:1529,console.log
FNDA:0,console.log
DA:1530,0
FNF:380
FNH:0
LF:381
LH:0
BRF:0
BRH:0
end_of_record
TN:
SF:node_modules/forge-std/src/console2.sol
FN:12,console2._castLogPayloadViewToPure
FNDA:0,console2._castLogPayloadViewToPure
DA:16,0
FN:20,console2._sendLogPayload
FNDA:0,console2._sendLogPayload
DA:21,0
FN:24,console2._sendLogPayloadView
FNDA:0,console2._sendLogPayloadView
DA:25,0
DA:26,0
FN:34,console2.log
FNDA:0,console2.log
DA:35,0
FN:38,console2.logInt
FNDA:0,console2.logInt
DA:39,0
FN:42,console2.logUint
FNDA:0,console2.logUint
DA:43,0
FN:46,console2.logString
FNDA:0,console2.logString
DA:47,0
FN:50,console2.logBool
FNDA:0,console2.logBool
DA:51,0
FN:54,console2.logAddress
FNDA:0,console2.logAddress
DA:55,0
FN:58,console2.logBytes
FNDA:0,console2.logBytes
DA:59,0
FN:62,console2.logBytes1
FNDA:0,console2.logBytes1
DA:63,0
FN:66,console2.logBytes2
FNDA:0,console2.logBytes2
DA:67,0
FN:70,console2.logBytes3
FNDA:0,console2.logBytes3
DA:71,0
FN:74,console2.logBytes4
FNDA:0,console2.logBytes4
DA:75,0
FN:78,console2.logBytes5
FNDA:0,console2.logBytes5
DA:79,0
FN:82,console2.logBytes6
FNDA:0,console2.logBytes6
DA:83,0
FN:86,console2.logBytes7
FNDA:0,console2.logBytes7
DA:87,0
FN:90,console2.logBytes8
FNDA:0,console2.logBytes8
DA:91,0
FN:94,console2.logBytes9
FNDA:0,console2.logBytes9
DA:95,0
FN:98,console2.logBytes10
FNDA:0,console2.logBytes10
DA:99,0
FN:102,console2.logBytes11
FNDA:0,console2.logBytes11
DA:103,0
FN:106,console2.logBytes12
FNDA:0,console2.logBytes12
DA:107,0
FN:110,console2.logBytes13
FNDA:0,console2.logBytes13
DA:111,0
FN:114,console2.logBytes14
FNDA:0,console2.logBytes14
DA:115,0
FN:118,console2.logBytes15
FNDA:0,console2.logBytes15
DA:119,0
FN:122,console2.logBytes16
FNDA:0,console2.logBytes16
DA:123,0
FN:126,console2.logBytes17
FNDA:0,console2.logBytes17
DA:127,0
FN:130,console2.logBytes18
FNDA:0,console2.logBytes18
DA:131,0
FN:134,console2.logBytes19
FNDA:0,console2.logBytes19
DA:135,0
FN:138,console2.logBytes20
FNDA:0,console2.logBytes20
DA:139,0
FN:142,console2.logBytes21
FNDA:0,console2.logBytes21
DA:143,0
FN:146,console2.logBytes22
FNDA:0,console2.logBytes22
DA:147,0
FN:150,console2.logBytes23
FNDA:0,console2.logBytes23
DA:151,0
FN:154,console2.logBytes24
FNDA:0,console2.logBytes24
DA:155,0
FN:158,console2.logBytes25
FNDA:0,console2.logBytes25
DA:159,0
FN:162,console2.logBytes26
FNDA:0,console2.logBytes26
DA:163,0
FN:166,console2.logBytes27
FNDA:0,console2.logBytes27
DA:167,0
FN:170,console2.logBytes28
FNDA:0,console2.logBytes28
DA:171,0
FN:174,console2.logBytes29
FNDA:0,console2.logBytes29
DA:175,0
FN:178,console2.logBytes30
FNDA:0,console2.logBytes30
DA:179,0
FN:182,console2.logBytes31
FNDA:0,console2.logBytes31
DA:183,0
FN:186,console2.logBytes32
FNDA:0,console2.logBytes32
DA:187,0
FN:190,console2.log
FNDA:0,console2.log
DA:191,0
FN:194,console2.log
FNDA:0,console2.log
DA:195,0
FN:198,console2.log
FNDA:0,console2.log
DA:199,0
FN:202,console2.log
FNDA:0,console2.log
DA:203,0
FN:206,console2.log
FNDA:0,console2.log
DA:207,0
FN:210,console2.log
FNDA:0,console2.log
DA:211,0
FN:214,console2.log
FNDA:0,console2.log
DA:215,0
FN:218,console2.log
FNDA:0,console2.log
DA:219,0
FN:222,console2.log
FNDA:0,console2.log
DA:223,0
FN:226,console2.log
FNDA:0,console2.log
DA:227,0
FN:230,console2.log
FNDA:0,console2.log
DA:231,0
FN:234,console2.log
FNDA:0,console2.log
DA:235,0
FN:238,console2.log
FNDA:0,console2.log
DA:239,0
FN:242,console2.log
FNDA:0,console2.log
DA:243,0
FN:246,console2.log
FNDA:0,console2.log
DA:247,0
FN:250,console2.log
FNDA:0,console2.log
DA:251,0
FN:254,console2.log
FNDA:0,console2.log
DA:255,0
FN:258,console2.log
FNDA:0,console2.log
DA:259,0
FN:262,console2.log
FNDA:0,console2.log
DA:263,0
FN:266,console2.log
FNDA:0,console2.log
DA:267,0
FN:270,console2.log
FNDA:0,console2.log
DA:271,0
FN:274,console2.log
FNDA:0,console2.log
DA:275,0
FN:278,console2.log
FNDA:0,console2.log
DA:279,0
FN:282,console2.log
FNDA:0,console2.log
DA:283,0
FN:286,console2.log
FNDA:0,console2.log
DA:287,0
FN:290,console2.log
FNDA:0,console2.log
DA:291,0
FN:294,console2.log
FNDA:0,console2.log
DA:295,0
FN:298,console2.log
FNDA:0,console2.log
DA:299,0
FN:302,console2.log
FNDA:0,console2.log
DA:303,0
FN:306,console2.log
FNDA:0,console2.log
DA:307,0
FN:310,console2.log
FNDA:0,console2.log
DA:311,0
FN:314,console2.log
FNDA:0,console2.log
DA:315,0
FN:318,console2.log
FNDA:0,console2.log
DA:319,0
FN:322,console2.log
FNDA:0,console2.log
DA:323,0
FN:326,console2.log
FNDA:0,console2.log
DA:327,0
FN:330,console2.log
FNDA:0,console2.log
DA:331,0
FN:334,console2.log
FNDA:0,console2.log
DA:335,0
FN:338,console2.log
FNDA:0,console2.log
DA:339,0
FN:342,console2.log
FNDA:0,console2.log
DA:343,0
FN:346,console2.log
FNDA:0,console2.log
DA:347,0
FN:350,console2.log
FNDA:0,console2.log
DA:351,0
FN:354,console2.log
FNDA:0,console2.log
DA:355,0
FN:358,console2.log
FNDA:0,console2.log
DA:359,0
FN:362,console2.log
FNDA:0,console2.log
DA:363,0
FN:366,console2.log
FNDA:0,console2.log
DA:367,0
FN:370,console2.log
FNDA:0,console2.log
DA:371,0
FN:374,console2.log
FNDA:0,console2.log
DA:375,0
FN:378,console2.log
FNDA:0,console2.log
DA:379,0
FN:382,console2.log
FNDA:0,console2.log
DA:383,0
FN:386,console2.log
FNDA:0,console2.log
DA:387,0
FN:390,console2.log
FNDA:0,console2.log
DA:391,0
FN:394,console2.log
FNDA:0,console2.log
DA:395,0
FN:398,console2.log
FNDA:0,console2.log
DA:399,0
FN:402,console2.log
FNDA:0,console2.log
DA:403,0
FN:406,console2.log
FNDA:0,console2.log
DA:407,0
FN:410,console2.log
FNDA:0,console2.log
DA:411,0
FN:414,console2.log
FNDA:0,console2.log
DA:415,0
FN:418,console2.log
FNDA:0,console2.log
DA:419,0
FN:422,console2.log
FNDA:0,console2.log
DA:423,0
FN:426,console2.log
FNDA:0,console2.log
DA:427,0
FN:430,console2.log
FNDA:0,console2.log
DA:431,0
FN:434,console2.log
FNDA:0,console2.log
DA:435,0
FN:438,console2.log
FNDA:0,console2.log
DA:439,0
FN:442,console2.log
FNDA:0,console2.log
DA:443,0
FN:446,console2.log
FNDA:0,console2.log
DA:447,0
FN:450,console2.log
FNDA:0,console2.log
DA:451,0
FN:454,console2.log
FNDA:0,console2.log
DA:455,0
FN:458,console2.log
FNDA:0,console2.log
DA:459,0
FN:462,console2.log
FNDA:0,console2.log
DA:463,0
FN:466,console2.log
FNDA:0,console2.log
DA:467,0
FN:470,console2.log
FNDA:0,console2.log
DA:471,0
FN:474,console2.log
FNDA:0,console2.log
DA:475,0
FN:478,console2.log
FNDA:0,console2.log
DA:479,0
FN:482,console2.log
FNDA:0,console2.log
DA:483,0
FN:486,console2.log
FNDA:0,console2.log
DA:487,0
FN:490,console2.log
FNDA:0,console2.log
DA:491,0
FN:494,console2.log
FNDA:0,console2.log
DA:495,0
FN:498,console2.log
FNDA:0,console2.log
DA:499,0
FN:502,console2.log
FNDA:0,console2.log
DA:503,0
FN:506,console2.log
FNDA:0,console2.log
DA:507,0
FN:510,console2.log
FNDA:0,console2.log
DA:511,0
FN:514,console2.log
FNDA:0,console2.log
DA:515,0
FN:518,console2.log
FNDA:0,console2.log
DA:519,0
FN:522,console2.log
FNDA:0,console2.log
DA:523,0
FN:526,console2.log
FNDA:0,console2.log
DA:527,0
FN:530,console2.log
FNDA:0,console2.log
DA:531,0
FN:534,console2.log
FNDA:0,console2.log
DA:535,0
FN:538,console2.log
FNDA:0,console2.log
DA:539,0
FN:542,console2.log
FNDA:0,console2.log
DA:543,0
FN:546,console2.log
FNDA:0,console2.log
DA:547,0
FN:550,console2.log
FNDA:0,console2.log
DA:551,0
FN:554,console2.log
FNDA:0,console2.log
DA:555,0
FN:558,console2.log
FNDA:0,console2.log
DA:559,0
FN:562,console2.log
FNDA:0,console2.log
DA:563,0
FN:566,console2.log
FNDA:0,console2.log
DA:567,0
FN:570,console2.log
FNDA:0,console2.log
DA:571,0
FN:574,console2.log
FNDA:0,console2.log
DA:575,0
FN:578,console2.log
FNDA:0,console2.log
DA:579,0
FN:582,console2.log
FNDA:0,console2.log
DA:583,0
FN:586,console2.log
FNDA:0,console2.log
DA:587,0
FN:590,console2.log
FNDA:0,console2.log
DA:591,0
FN:594,console2.log
FNDA:0,console2.log
DA:595,0
FN:598,console2.log
FNDA:0,console2.log
DA:599,0
FN:602,console2.log
FNDA:0,console2.log
DA:603,0
FN:606,console2.log
FNDA:0,console2.log
DA:607,0
FN:610,console2.log
FNDA:0,console2.log
DA:611,0
FN:614,console2.log
FNDA:0,console2.log
DA:615,0
FN:618,console2.log
FNDA:0,console2.log
DA:619,0
FN:622,console2.log
FNDA:0,console2.log
DA:623,0
FN:626,console2.log
FNDA:0,console2.log
DA:627,0
FN:630,console2.log
FNDA:0,console2.log
DA:631,0
FN:634,console2.log
FNDA:0,console2.log
DA:635,0
FN:638,console2.log
FNDA:0,console2.log
DA:639,0
FN:642,console2.log
FNDA:0,console2.log
DA:643,0
FN:646,console2.log
FNDA:0,console2.log
DA:647,0
FN:650,console2.log
FNDA:0,console2.log
DA:651,0
FN:654,console2.log
FNDA:0,console2.log
DA:655,0
FN:658,console2.log
FNDA:0,console2.log
DA:659,0
FN:662,console2.log
FNDA:0,console2.log
DA:663,0
FN:666,console2.log
FNDA:0,console2.log
DA:667,0
FN:670,console2.log
FNDA:0,console2.log
DA:671,0
FN:674,console2.log
FNDA:0,console2.log
DA:675,0
FN:678,console2.log
FNDA:0,console2.log
DA:679,0
FN:682,console2.log
FNDA:0,console2.log
DA:683,0
FN:686,console2.log
FNDA:0,console2.log
DA:687,0
FN:690,console2.log
FNDA:0,console2.log
DA:691,0
FN:694,console2.log
FNDA:0,console2.log
DA:695,0
FN:698,console2.log
FNDA:0,console2.log
DA:699,0
FN:702,console2.log
FNDA:0,console2.log
DA:703,0
FN:706,console2.log
FNDA:0,console2.log
DA:707,0
FN:710,console2.log
FNDA:0,console2.log
DA:711,0
FN:714,console2.log
FNDA:0,console2.log
DA:715,0
FN:718,console2.log
FNDA:0,console2.log
DA:719,0
FN:722,console2.log
FNDA:0,console2.log
DA:723,0
FN:726,console2.log
FNDA:0,console2.log
DA:727,0
FN:730,console2.log
FNDA:0,console2.log
DA:731,0
FN:734,console2.log
FNDA:0,console2.log
DA:735,0
FN:738,console2.log
FNDA:0,console2.log
DA:739,0
FN:742,console2.log
FNDA:0,console2.log
DA:743,0
FN:746,console2.log
FNDA:0,console2.log
DA:747,0
FN:750,console2.log
FNDA:0,console2.log
DA:751,0
FN:754,console2.log
FNDA:0,console2.log
DA:755,0
FN:758,console2.log
FNDA:0,console2.log
DA:759,0
FN:762,console2.log
FNDA:0,console2.log
DA:763,0
FN:766,console2.log
FNDA:0,console2.log
DA:767,0
FN:770,console2.log
FNDA:0,console2.log
DA:771,0
FN:774,console2.log
FNDA:0,console2.log
DA:775,0
FN:778,console2.log
FNDA:0,console2.log
DA:779,0
FN:782,console2.log
FNDA:0,console2.log
DA:783,0
FN:786,console2.log
FNDA:0,console2.log
DA:787,0
FN:790,console2.log
FNDA:0,console2.log
DA:791,0
FN:794,console2.log
FNDA:0,console2.log
DA:795,0
FN:798,console2.log
FNDA:0,console2.log
DA:799,0
FN:802,console2.log
FNDA:0,console2.log
DA:803,0
FN:806,console2.log
FNDA:0,console2.log
DA:807,0
FN:810,console2.log
FNDA:0,console2.log
DA:811,0
FN:814,console2.log
FNDA:0,console2.log
DA:815,0
FN:818,console2.log
FNDA:0,console2.log
DA:819,0
FN:822,console2.log
FNDA:0,console2.log
DA:823,0
FN:826,console2.log
FNDA:0,console2.log
DA:827,0
FN:830,console2.log
FNDA:0,console2.log
DA:831,0
FN:834,console2.log
FNDA:0,console2.log
DA:835,0
FN:838,console2.log
FNDA:0,console2.log
DA:839,0
FN:842,console2.log
FNDA:0,console2.log
DA:843,0
FN:846,console2.log
FNDA:0,console2.log
DA:847,0
FN:850,console2.log
FNDA:0,console2.log
DA:851,0
FN:854,console2.log
FNDA:0,console2.log
DA:855,0
FN:858,console2.log
FNDA:0,console2.log
DA:859,0
FN:862,console2.log
FNDA:0,console2.log
DA:863,0
FN:866,console2.log
FNDA:0,console2.log
DA:867,0
FN:870,console2.log
FNDA:0,console2.log
DA:871,0
FN:874,console2.log
FNDA:0,console2.log
DA:875,0
FN:878,console2.log
FNDA:0,console2.log
DA:879,0
FN:882,console2.log
FNDA:0,console2.log
DA:883,0
FN:886,console2.log
FNDA:0,console2.log
DA:887,0
FN:890,console2.log
FNDA:0,console2.log
DA:891,0
FN:894,console2.log
FNDA:0,console2.log
DA:895,0
FN:898,console2.log
FNDA:0,console2.log
DA:899,0
FN:902,console2.log
FNDA:0,console2.log
DA:903,0
FN:906,console2.log
FNDA:0,console2.log
DA:907,0
FN:910,console2.log
FNDA:0,console2.log
DA:911,0
FN:914,console2.log
FNDA:0,console2.log
DA:915,0
FN:918,console2.log
FNDA:0,console2.log
DA:919,0
FN:922,console2.log
FNDA:0,console2.log
DA:923,0
FN:926,console2.log
FNDA:0,console2.log
DA:927,0
FN:930,console2.log
FNDA:0,console2.log
DA:931,0
FN:934,console2.log
FNDA:0,console2.log
DA:935,0
FN:938,console2.log
FNDA:0,console2.log
DA:939,0
FN:942,console2.log
FNDA:0,console2.log
DA:943,0
FN:946,console2.log
FNDA:0,console2.log
DA:947,0
FN:950,console2.log
FNDA:0,console2.log
DA:951,0
FN:954,console2.log
FNDA:0,console2.log
DA:955,0
FN:958,console2.log
FNDA:0,console2.log
DA:959,0
FN:962,console2.log
FNDA:0,console2.log
DA:963,0
FN:966,console2.log
FNDA:0,console2.log
DA:967,0
FN:970,console2.log
FNDA:0,console2.log
DA:971,0
FN:974,console2.log
FNDA:0,console2.log
DA:975,0
FN:978,console2.log
FNDA:0,console2.log
DA:979,0
FN:982,console2.log
FNDA:0,console2.log
DA:983,0
FN:986,console2.log
FNDA:0,console2.log
DA:987,0
FN:990,console2.log
FNDA:0,console2.log
DA:991,0
FN:994,console2.log
FNDA:0,console2.log
DA:995,0
FN:998,console2.log
FNDA:0,console2.log
DA:999,0
FN:1002,console2.log
FNDA:0,console2.log
DA:1003,0
FN:1006,console2.log
FNDA:0,console2.log
DA:1007,0
FN:1010,console2.log
FNDA:0,console2.log
DA:1011,0
FN:1014,console2.log
FNDA:0,console2.log
DA:1015,0
FN:1018,console2.log
FNDA:0,console2.log
DA:1019,0
FN:1022,console2.log
FNDA:0,console2.log
DA:1023,0
FN:1026,console2.log
FNDA:0,console2.log
DA:1027,0
FN:1030,console2.log
FNDA:0,console2.log
DA:1031,0
FN:1034,console2.log
FNDA:0,console2.log
DA:1035,0
FN:1038,console2.log
FNDA:0,console2.log
DA:1039,0
FN:1042,console2.log
FNDA:0,console2.log
DA:1043,0
FN:1046,console2.log
FNDA:0,console2.log
DA:1047,0
FN:1050,console2.log
FNDA:0,console2.log
DA:1051,0
FN:1054,console2.log
FNDA:0,console2.log
DA:1055,0
FN:1058,console2.log
FNDA:0,console2.log
DA:1059,0
FN:1062,console2.log
FNDA:0,console2.log
DA:1063,0
FN:1066,console2.log
FNDA:0,console2.log
DA:1067,0
FN:1070,console2.log
FNDA:0,console2.log
DA:1071,0
FN:1074,console2.log
FNDA:0,console2.log
DA:1075,0
FN:1078,console2.log
FNDA:0,console2.log
DA:1079,0
FN:1082,console2.log
FNDA:0,console2.log
DA:1083,0
FN:1086,console2.log
FNDA:0,console2.log
DA:1087,0
FN:1090,console2.log
FNDA:0,console2.log
DA:1091,0
FN:1094,console2.log
FNDA:0,console2.log
DA:1095,0
FN:1098,console2.log
FNDA:0,console2.log
DA:1099,0
FN:1102,console2.log
FNDA:0,console2.log
DA:1103,0
FN:1106,console2.log
FNDA:0,console2.log
DA:1107,0
FN:1110,console2.log
FNDA:0,console2.log
DA:1111,0
FN:1114,console2.log
FNDA:0,console2.log
DA:1115,0
FN:1118,console2.log
FNDA:0,console2.log
DA:1119,0
FN:1122,console2.log
FNDA:0,console2.log
DA:1123,0
FN:1126,console2.log
FNDA:0,console2.log
DA:1127,0
FN:1130,console2.log
FNDA:0,console2.log
DA:1131,0
FN:1134,console2.log
FNDA:0,console2.log
DA:1135,0
FN:1138,console2.log
FNDA:0,console2.log
DA:1139,0
FN:1142,console2.log
FNDA:0,console2.log
DA:1143,0
FN:1146,console2.log
FNDA:0,console2.log
DA:1147,0
FN:1150,console2.log
FNDA:0,console2.log
DA:1151,0
FN:1154,console2.log
FNDA:0,console2.log
DA:1155,0
FN:1158,console2.log
FNDA:0,console2.log
DA:1159,0
FN:1162,console2.log
FNDA:0,console2.log
DA:1163,0
FN:1166,console2.log
FNDA:0,console2.log
DA:1167,0
FN:1170,console2.log
FNDA:0,console2.log
DA:1171,0
FN:1174,console2.log
FNDA:0,console2.log
DA:1175,0
FN:1178,console2.log
FNDA:0,console2.log
DA:1179,0
FN:1182,console2.log
FNDA:0,console2.log
DA:1183,0
FN:1186,console2.log
FNDA:0,console2.log
DA:1187,0
FN:1190,console2.log
FNDA:0,console2.log
DA:1191,0
FN:1194,console2.log
FNDA:0,console2.log
DA:1195,0
FN:1198,console2.log
FNDA:0,console2.log
DA:1199,0
FN:1202,console2.log
FNDA:0,console2.log
DA:1203,0
FN:1206,console2.log
FNDA:0,console2.log
DA:1207,0
FN:1210,console2.log
FNDA:0,console2.log
DA:1211,0
FN:1214,console2.log
FNDA:0,console2.log
DA:1215,0
FN:1218,console2.log
FNDA:0,console2.log
DA:1219,0
FN:1222,console2.log
FNDA:0,console2.log
DA:1223,0
FN:1226,console2.log
FNDA:0,console2.log
DA:1227,0
FN:1230,console2.log
FNDA:0,console2.log
DA:1231,0
FN:1234,console2.log
FNDA:0,console2.log
DA:1235,0
FN:1238,console2.log
FNDA:0,console2.log
DA:1239,0
FN:1242,console2.log
FNDA:0,console2.log
DA:1243,0
FN:1246,console2.log
FNDA:0,console2.log
DA:1247,0
FN:1250,console2.log
FNDA:0,console2.log
DA:1251,0
FN:1254,console2.log
FNDA:0,console2.log
DA:1255,0
FN:1258,console2.log
FNDA:0,console2.log
DA:1259,0
FN:1262,console2.log
FNDA:0,console2.log
DA:1263,0
FN:1266,console2.log
FNDA:0,console2.log
DA:1267,0
FN:1270,console2.log
FNDA:0,console2.log
DA:1271,0
FN:1274,console2.log
FNDA:0,console2.log
DA:1275,0
FN:1278,console2.log
FNDA:0,console2.log
DA:1279,0
FN:1282,console2.log
FNDA:0,console2.log
DA:1283,0
FN:1286,console2.log
FNDA:0,console2.log
DA:1287,0
FN:1290,console2.log
FNDA:0,console2.log
DA:1291,0
FN:1294,console2.log
FNDA:0,console2.log
DA:1295,0
FN:1298,console2.log
FNDA:0,console2.log
DA:1299,0
FN:1302,console2.log
FNDA:0,console2.log
DA:1303,0
FN:1306,console2.log
FNDA:0,console2.log
DA:1307,0
FN:1310,console2.log
FNDA:0,console2.log
DA:1311,0
FN:1314,console2.log
FNDA:0,console2.log
DA:1315,0
FN:1318,console2.log
FNDA:0,console2.log
DA:1319,0
FN:1322,console2.log
FNDA:0,console2.log
DA:1323,0
FN:1326,console2.log
FNDA:0,console2.log
DA:1327,0
FN:1330,console2.log
FNDA:0,console2.log
DA:1331,0
FN:1334,console2.log
FNDA:0,console2.log
DA:1335,0
FN:1338,console2.log
FNDA:0,console2.log
DA:1339,0
FN:1342,console2.log
FNDA:0,console2.log
DA:1343,0
FN:1346,console2.log
FNDA:0,console2.log
DA:1347,0
FN:1350,console2.log
FNDA:0,console2.log
DA:1351,0
FN:1354,console2.log
FNDA:0,console2.log
DA:1355,0
FN:1358,console2.log
FNDA:0,console2.log
DA:1359,0
FN:1362,console2.log
FNDA:0,console2.log
DA:1363,0
FN:1366,console2.log
FNDA:0,console2.log
DA:1367,0
FN:1370,console2.log
FNDA:0,console2.log
DA:1371,0
FN:1374,console2.log
FNDA:0,console2.log
DA:1375,0
FN:1378,console2.log
FNDA:0,console2.log
DA:1379,0
FN:1382,console2.log
FNDA:0,console2.log
DA:1383,0
FN:1386,console2.log
FNDA:0,console2.log
DA:1387,0
FN:1390,console2.log
FNDA:0,console2.log
DA:1391,0
FN:1394,console2.log
FNDA:0,console2.log
DA:1395,0
FN:1398,console2.log
FNDA:0,console2.log
DA:1399,0
FN:1402,console2.log
FNDA:0,console2.log
DA:1403,0
FN:1406,console2.log
FNDA:0,console2.log
DA:1407,0
FN:1410,console2.log
FNDA:0,console2.log
DA:1411,0
FN:1414,console2.log
FNDA:0,console2.log
DA:1415,0
FN:1418,console2.log
FNDA:0,console2.log
DA:1419,0
FN:1422,console2.log
FNDA:0,console2.log
DA:1423,0
FN:1426,console2.log
FNDA:0,console2.log
DA:1427,0
FN:1430,console2.log
FNDA:0,console2.log
DA:1431,0
FN:1434,console2.log
FNDA:0,console2.log
DA:1435,0
FN:1438,console2.log
FNDA:0,console2.log
DA:1439,0
FN:1442,console2.log
FNDA:0,console2.log
DA:1443,0
FN:1446,console2.log
FNDA:0,console2.log
DA:1447,0
FN:1450,console2.log
FNDA:0,console2.log
DA:1451,0
FN:1454,console2.log
FNDA:0,console2.log
DA:1455,0
FN:1458,console2.log
FNDA:0,console2.log
DA:1459,0
FN:1462,console2.log
FNDA:0,console2.log
DA:1463,0
FN:1466,console2.log
FNDA:0,console2.log
DA:1467,0
FN:1470,console2.log
FNDA:0,console2.log
DA:1471,0
FN:1474,console2.log
FNDA:0,console2.log
DA:1475,0
FN:1478,console2.log
FNDA:0,console2.log
DA:1479,0
FN:1482,console2.log
FNDA:0,console2.log
DA:1483,0
FN:1486,console2.log
FNDA:0,console2.log
DA:1487,0
FN:1490,console2.log
FNDA:0,console2.log
DA:1491,0
FN:1494,console2.log
FNDA:0,console2.log
DA:1495,0
FN:1498,console2.log
FNDA:0,console2.log
DA:1499,0
FN:1502,console2.log
FNDA:0,console2.log
DA:1503,0
FN:1506,console2.log
FNDA:0,console2.log
DA:1507,0
FN:1510,console2.log
FNDA:0,console2.log
DA:1511,0
FN:1514,console2.log
FNDA:0,console2.log
DA:1515,0
FN:1518,console2.log
FNDA:0,console2.log
DA:1519,0
FN:1522,console2.log
FNDA:0,console2.log
DA:1523,0
FN:1526,console2.log
FNDA:0,console2.log
DA:1527,0
FN:1530,console2.log
FNDA:0,console2.log
DA:1531,0
FN:1534,console2.log
FNDA:0,console2.log
DA:1535,0
FN:1538,console2.log
FNDA:0,console2.log
DA:1539,0
FN:1542,console2.log
FNDA:0,console2.log
DA:1543,0
FN:1546,console2.log
FNDA:0,console2.log
DA:1547,0
FN:1550,console2.log
FNDA:0,console2.log
DA:1551,0
FN:1554,console2.log
FNDA:0,console2.log
DA:1555,0
FNF:384
FNH:0
LF:385
LH:0
BRF:0
BRH:0
end_of_record
TN:
SF:node_modules/forge-std/src/mocks/MockERC20.sol
FN:54,MockERC20.initialize
FNDA:0,MockERC20.initialize
DA:55,0
BRDA:55,0,0,-
BRDA:55,0,1,-
DA:57,0
DA:58,0
DA:59,0
DA:61,0
DA:62,0
DA:64,0
FN:71,MockERC20.approve
FNDA:0,MockERC20.approve
DA:72,0
DA:74,0
DA:76,0
FN:79,MockERC20.transfer
FNDA:0,MockERC20.transfer
DA:80,0
DA:81,0
DA:83,0
DA:85,0
FN:88,MockERC20.transferFrom
FNDA:0,MockERC20.transferFrom
DA:89,0
DA:91,0
BRDA:91,1,0,-
BRDA:91,1,1,-
DA:93,0
DA:94,0
DA:96,0
DA:98,0
FN:105,MockERC20.permit
FNDA:0,MockERC20.permit
DA:109,0
BRDA:109,2,0,-
BRDA:109,2,1,-
DA:111,0
DA:135,0
BRDA:135,3,0,-
BRDA:135,3,1,-
DA:137,0
DA:139,0
FN:142,MockERC20.DOMAIN_SEPARATOR
FNDA:0,MockERC20.DOMAIN_SEPARATOR
DA:143,0
FN:146,MockERC20.computeDomainSeparator
FNDA:0,MockERC20.computeDomainSeparator
DA:147,0
FN:162,MockERC20._mint
FNDA:0,MockERC20._mint
DA:163,0
DA:164,0
DA:166,0
FN:169,MockERC20._burn
FNDA:0,MockERC20._burn
DA:170,0
DA:171,0
DA:173,0
FN:180,MockERC20._add
FNDA:0,MockERC20._add
DA:181,0
DA:182,0
BRDA:182,4,0,-
BRDA:182,4,1,-
DA:183,0
FN:186,MockERC20._sub
FNDA:0,MockERC20._sub
DA:187,0
BRDA:187,5,0,-
BRDA:187,5,1,-
DA:188,0
FN:199,MockERC20._viewChainId
FNDA:0,MockERC20._viewChainId
DA:202,0
DA:205,0
FN:208,MockERC20._pureChainId
FNDA:0,MockERC20._pureChainId
DA:209,0
DA:210,0
DA:212,0
DA:214,0
FNF:13
FNH:0
LF:44
LH:0
BRF:12
BRH:0
end_of_record
TN:
SF:node_modules/forge-std/src/mocks/MockERC721.sol
FN:25,MockERC721.tokenURI
FNDA:0,MockERC721.tokenURI
FN:35,MockERC721.ownerOf
FNDA:0,MockERC721.ownerOf
DA:36,0
BRDA:36,0,0,-
BRDA:36,0,1,-
FN:39,MockERC721.balanceOf
FNDA:0,MockERC721.balanceOf
DA:40,0
BRDA:40,1,0,-
BRDA:40,1,1,-
DA:42,0
FN:62,MockERC721.initialize
FNDA:0,MockERC721.initialize
DA:63,0
BRDA:63,2,0,-
BRDA:63,2,1,-
DA:65,0
DA:66,0
DA:68,0
FN:75,MockERC721.approve
FNDA:0,MockERC721.approve
DA:76,0
DA:78,0
BRDA:78,3,0,-
BRDA:78,3,1,-
DA:80,0
DA:82,0
FN:85,MockERC721.setApprovalForAll
FNDA:0,MockERC721.setApprovalForAll
DA:86,0
DA:88,0
FN:91,MockERC721.transferFrom
FNDA:0,MockERC721.transferFrom
DA:92,0
BRDA:92,4,0,-
BRDA:92,4,1,-
DA:94,0
BRDA:94,5,0,-
BRDA:94,5,1,-
DA:96,0
BRDA:96,6,0,-
BRDA:96,6,1,-
DA:102,0
DA:104,0
DA:106,0
DA:108,0
DA:110,0
FN:113,MockERC721.safeTransferFrom
FNDA:0,MockERC721.safeTransferFrom
DA:114,0
DA:116,0
BRDA:116,7,0,-
BRDA:116,7,1,-
FN:124,MockERC721.safeTransferFrom
FNDA:0,MockERC721.safeTransferFrom
DA:125,0
DA:127,0
BRDA:127,8,0,-
BRDA:127,8,1,-
FN:139,MockERC721.supportsInterface
FNDA:0,MockERC721.supportsInterface
DA:140,0
DA:141,0
DA:142,0
FN:149,MockERC721._mint
FNDA:0,MockERC721._mint
DA:150,0
BRDA:150,9,0,-
BRDA:150,9,1,-
DA:152,0
BRDA:152,10,0,-
BRDA:152,10,1,-
DA:156,0
DA:158,0
DA:160,0
FN:163,MockERC721._burn
FNDA:0,MockERC721._burn
DA:164,0
DA:166,0
BRDA:166,11,0,-
BRDA:166,11,1,-
DA:168,0
DA:170,0
DA:172,0
DA:174,0
FN:181,MockERC721._safeMint
FNDA:0,MockERC721._safeMint
DA:182,0
DA:184,0
BRDA:184,12,0,-
BRDA:184,12,1,-
FN:192,MockERC721._safeMint
FNDA:0,MockERC721._safeMint
DA:193,0
DA:195,0
BRDA:195,13,0,-
BRDA:195,13,1,-
FN:207,MockERC721._isContract
FNDA:0,MockERC721._isContract
DA:208,0
DA:212,0
DA:215,0
FNF:15
FNH:0
LF:46
LH:0
BRF:28
BRH:0
end_of_record
TN:
SF:node_modules/forge-std/src/safeconsole.sol
FN:11,safeconsole._sendLogPayload
FNDA:0,safeconsole._sendLogPayload
DA:12,0
DA:13,0
DA:15,0
DA:17,0
FN:20,safeconsole._sendLogPayloadView
FNDA:0,safeconsole._sendLogPayloadView
FN:26,safeconsole._memcopy
FNDA:0,safeconsole._memcopy
DA:27,0
DA:28,0
DA:30,0
DA:32,0
FN:35,safeconsole._memcopyView
FNDA:0,safeconsole._memcopyView
FN:41,safeconsole.logMemory
FNDA:0,safeconsole.logMemory
DA:42,0
BRDA:42,0,0,-
BRDA:42,0,1,-
DA:44,0
DA:45,0
DA:46,0
DA:48,0
DA:49,0
DA:50,0
DA:56,0
DA:64,0
DA:65,0
DA:66,0
DA:67,0
DA:69,0
DA:70,0
DA:71,0
DA:73,0
DA:80,0
DA:81,0
FN:90,safeconsole.log
FNDA:0,safeconsole.log
DA:91,0
DA:92,0
DA:94,0
DA:95,0
DA:100,0
FN:107,safeconsole.log
FNDA:0,safeconsole.log
DA:108,0
DA:109,0
DA:111,0
DA:112,0
DA:117,0
FN:124,safeconsole.log
FNDA:0,safeconsole.log
DA:125,0
DA:126,0
DA:128,0
DA:129,0
DA:134,0
FN:141,safeconsole.log
FNDA:0,safeconsole.log
DA:142,0
DA:143,0
DA:144,0
DA:145,0
DA:154,0
DA:155,0
DA:156,0
DA:157,0
DA:163,0
[...]
DA:12621,0
DA:12622,0
DA:12623,0
DA:12624,0
DA:12625,0
DA:12626,0
DA:12636,0
FN:12650,safeconsole.log
FNDA:0,safeconsole.log
DA:12651,0
DA:12652,0
DA:12653,0
DA:12654,0
DA:12655,0
DA:12656,0
DA:12657,0
DA:12658,0
DA:12659,0
DA:12668,0
DA:12669,0
DA:12670,0
DA:12671,0
DA:12672,0
DA:12673,0
DA:12674,0
DA:12675,0
DA:12676,0
DA:12686,0
FN:12700,safeconsole.log
FNDA:0,safeconsole.log
DA:12701,0
DA:12702,0
DA:12703,0
DA:12704,0
DA:12705,0
DA:12706,0
DA:12707,0
DA:12708,0
DA:12709,0
DA:12718,0
DA:12719,0
DA:12720,0
DA:12721,0
DA:12722,0
DA:12723,0
DA:12724,0
DA:12725,0
DA:12726,0
DA:12736,0
FN:12750,safeconsole.log
FNDA:0,safeconsole.log
DA:12751,0
DA:12752,0
DA:12753,0
DA:12754,0
DA:12755,0
DA:12756,0
DA:12757,0
DA:12758,0
DA:12759,0
DA:12760,0
DA:12761,0
DA:12770,0
DA:12771,0
DA:12772,0
DA:12773,0
DA:12774,0
DA:12775,0
DA:12776,0
DA:12777,0
DA:12778,0
DA:12779,0
DA:12780,0
DA:12791,0
FN:12807,safeconsole.log
FNDA:0,safeconsole.log
DA:12808,0
DA:12809,0
DA:12810,0
DA:12811,0
DA:12812,0
DA:12813,0
DA:12814,0
DA:12815,0
DA:12816,0
DA:12825,0
DA:12826,0
DA:12827,0
DA:12828,0
DA:12829,0
DA:12830,0
DA:12831,0
DA:12832,0
DA:12833,0
DA:12843,0
FN:12857,safeconsole.log
FNDA:0,safeconsole.log
DA:12858,0
DA:12859,0
DA:12860,0
DA:12861,0
DA:12862,0
DA:12863,0
DA:12864,0
DA:12865,0
DA:12866,0
DA:12875,0
DA:12876,0
DA:12877,0
DA:12878,0
DA:12879,0
DA:12880,0
DA:12881,0
DA:12882,0
DA:12883,0
DA:12893,0
FN:12907,safeconsole.log
FNDA:0,safeconsole.log
DA:12908,0
DA:12909,0
DA:12910,0
DA:12911,0
DA:12912,0
DA:12913,0
DA:12914,0
DA:12915,0
DA:12916,0
DA:12925,0
DA:12926,0
DA:12927,0
DA:12928,0
DA:12929,0
DA:12930,0
DA:12931,0
DA:12932,0
DA:12933,0
DA:12943,0
FN:12957,safeconsole.log
FNDA:0,safeconsole.log
DA:12958,0
DA:12959,0
DA:12960,0
DA:12961,0
DA:12962,0
DA:12963,0
DA:12964,0
DA:12965,0
DA:12966,0
DA:12967,0
DA:12968,0
DA:12977,0
DA:12978,0
DA:12979,0
DA:12980,0
DA:12981,0
DA:12982,0
DA:12983,0
DA:12984,0
DA:12985,0
DA:12986,0
DA:12987,0
DA:12998,0
FN:13014,safeconsole.log
FNDA:0,safeconsole.log
DA:13015,0
DA:13016,0
DA:13017,0
DA:13018,0
DA:13019,0
DA:13020,0
DA:13021,0
DA:13022,0
DA:13023,0
DA:13024,0
DA:13025,0
DA:13034,0
DA:13035,0
DA:13036,0
DA:13037,0
DA:13038,0
DA:13039,0
DA:13040,0
DA:13041,0
DA:13042,0
DA:13043,0
DA:13044,0
DA:13055,0
FN:13071,safeconsole.log
FNDA:0,safeconsole.log
DA:13072,0
DA:13073,0
DA:13074,0
DA:13075,0
DA:13076,0
DA:13077,0
DA:13078,0
DA:13079,0
DA:13080,0
DA:13081,0
DA:13082,0
DA:13091,0
DA:13092,0
DA:13093,0
DA:13094,0
DA:13095,0
DA:13096,0
DA:13097,0
DA:13098,0
DA:13099,0
DA:13100,0
DA:13101,0
DA:13112,0
FN:13128,safeconsole.log
FNDA:0,safeconsole.log
DA:13129,0
DA:13130,0
DA:13131,0
DA:13132,0
DA:13133,0
DA:13134,0
DA:13135,0
DA:13136,0
DA:13137,0
DA:13138,0
DA:13139,0
DA:13148,0
DA:13149,0
DA:13150,0
DA:13151,0
DA:13152,0
DA:13153,0
DA:13154,0
DA:13155,0
DA:13156,0
DA:13157,0
DA:13158,0
DA:13169,0
FN:13185,safeconsole.log
FNDA:0,safeconsole.log
DA:13186,0
DA:13187,0
DA:13188,0
DA:13189,0
DA:13190,0
DA:13191,0
DA:13192,0
DA:13193,0
DA:13194,0
DA:13195,0
DA:13196,0
DA:13197,0
DA:13198,0
DA:13207,0
DA:13208,0
DA:13209,0
DA:13210,0
DA:13211,0
DA:13212,0
DA:13213,0
DA:13214,0
DA:13215,0
DA:13216,0
DA:13217,0
DA:13218,0
DA:13219,0
DA:13231,0
FNF:345
FNH:0
LF:4802
LH:0
BRF:2
BRH:0
end_of_record
TN:
SF:node_modules/solady/src/utils/EIP712.sol
FN:95,EIP712._domainNameAndVersionMayChange
FNDA:24,EIP712._domainNameAndVersionMayChange
FN:102,EIP712._domainSeparator
FNDA:0,EIP712._domainSeparator
DA:103,0
BRDA:103,0,0,-
BRDA:103,0,1,-
DA:104,0
DA:106,0
DA:107,0
BRDA:107,1,0,-
BRDA:107,1,1,-
FN:124,EIP712._hashTypedData
FNDA:24,EIP712._hashTypedData
DA:126,24
BRDA:126,2,0,-
BRDA:126,2,1,24
DA:127,0
DA:129,24
DA:130,24
BRDA:130,3,0,-
BRDA:130,3,1,24
DA:138,24
FN:149,EIP712.eip712Domain
FNDA:0,EIP712.eip712Domain
DA:163,0
DA:164,0
DA:165,0
DA:166,0
DA:167,0
DA:168,0
FN:176,EIP712._buildDomainSeparator
FNDA:0,EIP712._buildDomainSeparator
DA:178,0
DA:179,0
BRDA:179,4,0,-
BRDA:179,4,1,-
DA:180,0
DA:181,0
DA:182,0
DA:184,0
DA:185,0
DA:195,0
FN:200,EIP712._cachedDomainSeparatorInvalidated
FNDA:24,EIP712._cachedDomainSeparatorInvalidated
DA:201,24
DA:202,24
DA:205,24
FNF:6
FNH:3
LF:26
LH:7
BRF:10
BRH:2
end_of_record
TN:
SF:node_modules/solady/src/utils/LibSort.sol
FN:17,LibSort.insertionSort
FNDA:0,LibSort.insertionSort
FN:45,LibSort.insertionSort
FNDA:0,LibSort.insertionSort
DA:46,0
DA:47,0
DA:48,0
FN:52,LibSort.insertionSort
FNDA:0,LibSort.insertionSort
DA:53,0
FN:65,LibSort.sort
FNDA:0,LibSort.sort
FN:207,LibSort.sort
FNDA:0,LibSort.sort
DA:208,0
DA:209,0
DA:210,0
FN:214,LibSort.sort
FNDA:0,LibSort.sort
DA:215,0
FN:226,LibSort.uniquifySorted
FNDA:0,LibSort.uniquifySorted
DA:230,0
BRDA:230,0,0,-
FN:248,LibSort.uniquifySorted
FNDA:0,LibSort.uniquifySorted
DA:249,0
FN:253,LibSort.uniquifySorted
FNDA:0,LibSort.uniquifySorted
DA:254,0
FN:259,LibSort.searchSorted
FNDA:0,LibSort.searchSorted
DA:264,0
FN:269,LibSort.searchSorted
FNDA:0,LibSort.searchSorted
DA:274,0
FN:279,LibSort.searchSorted
FNDA:0,LibSort.searchSorted
DA:284,0
FN:288,LibSort.reverse
FNDA:0,LibSort.reverse
DA:291,0
BRDA:291,1,0,-
FN:308,LibSort.reverse
FNDA:0,LibSort.reverse
DA:309,0
FN:313,LibSort.reverse
FNDA:0,LibSort.reverse
DA:314,0
FN:318,LibSort.copy
FNDA:0,LibSort.copy
DA:321,0
FN:334,LibSort.copy
FNDA:0,LibSort.copy
DA:335,0
FN:339,LibSort.copy
FNDA:0,LibSort.copy
DA:340,0
FN:344,LibSort.isSorted
FNDA:0,LibSort.isSorted
DA:347,0
DA:348,0
BRDA:348,2,0,-
FN:361,LibSort.isSorted
FNDA:0,LibSort.isSorted
DA:364,0
DA:365,0
BRDA:365,3,0,-
FN:378,LibSort.isSorted
FNDA:0,LibSort.isSorted
DA:379,0
FN:383,LibSort.isSortedAndUniquified
FNDA:0,LibSort.isSortedAndUniquified
DA:386,0
DA:387,0
BRDA:387,4,0,-
FN:400,LibSort.isSortedAndUniquified
FNDA:0,LibSort.isSortedAndUniquified
DA:403,0
DA:404,0
BRDA:404,5,0,-
FN:417,LibSort.isSortedAndUniquified
FNDA:0,LibSort.isSortedAndUniquified
DA:418,0
FN:423,LibSort.difference
FNDA:0,LibSort.difference
DA:428,0
FN:433,LibSort.difference
FNDA:0,LibSort.difference
DA:438,0
FN:443,LibSort.difference
FNDA:0,LibSort.difference
DA:448,0
FN:453,LibSort.intersection
FNDA:0,LibSort.intersection
DA:458,0
FN:463,LibSort.intersection
FNDA:0,LibSort.intersection
DA:468,0
FN:473,LibSort.intersection
FNDA:0,LibSort.intersection
DA:478,0
FN:483,LibSort.union
FNDA:0,LibSort.union
DA:488,0
FN:493,LibSort.union
FNDA:0,LibSort.union
DA:498,0
FN:503,LibSort.union
FNDA:0,LibSort.union
DA:508,0
FN:516,LibSort._toUints
FNDA:0,LibSort._toUints
DA:519,0
FN:524,LibSort._toUints
FNDA:0,LibSort._toUints
DA:530,0
FN:535,LibSort._toInts
FNDA:0,LibSort._toInts
DA:538,0
FN:543,LibSort._toAddresses
FNDA:0,LibSort._toAddresses
DA:546,0
FN:552,LibSort._flipSign
FNDA:0,LibSort._flipSign
FN:565,LibSort._searchSorted
FNDA:0,LibSort._searchSorted
DA:589,0
DA:590,0
DA:591,0
DA:592,0
FN:598,LibSort._difference
FNDA:0,LibSort._difference
DA:608,0
DA:609,0
DA:610,0
FN:640,LibSort._intersection
FNDA:0,LibSort._intersection
DA:650,0
DA:651,0
DA:652,0
FN:677,LibSort._union
FNDA:0,LibSort._union
DA:687,0
DA:688,0
DA:689,0
FNF:42
FNH:0
LF:56
LH:0
BRF:6
BRH:0
end_of_record
TN:
SF:node_modules/solady/src/utils/SSTORE2.sol
FN:36,SSTORE2.write
FNDA:0,SSTORE2.write
DA:69,0
DA:72,0
BRDA:72,0,0,-
FN:86,SSTORE2.writeDeterministic
FNDA:0,SSTORE2.writeDeterministic
DA:104,0
DA:107,0
BRDA:107,1,0,-
FN:121,SSTORE2.initCodeHash
FNDA:0,SSTORE2.initCodeHash
DA:133,0
FN:143,SSTORE2.predictDeterministicAddress
FNDA:0,SSTORE2.predictDeterministicAddress
DA:148,0
DA:156,0
FN:167,SSTORE2.read
FNDA:0,SSTORE2.read
DA:171,0
BRDA:171,2,0,-
DA:184,0
FN:194,SSTORE2.read
FNDA:0,SSTORE2.read
DA:198,0
BRDA:198,3,0,-
DA:207,0
BRDA:207,4,0,-
DA:219,0
FN:229,SSTORE2.read
FNDA:0,SSTORE2.read
DA:237,0
BRDA:237,5,0,-
DA:247,0
BRDA:247,6,0,-
DA:264,0
FNF:7
FNH:0
LF:15
LH:0
BRF:7
BRH:0
end_of_record
TN:
SF:node_modules/solady/src/utils/SignatureCheckerLib.sol
FN:32,SignatureCheckerLib.isValidSignatureNow
FNDA:16,SignatureCheckerLib.isValidSignatureNow
FN:120,SignatureCheckerLib.isValidSignatureNowCalldata
FNDA:0,SignatureCheckerLib.isValidSignatureNowCalldata
FN:208,SignatureCheckerLib.isValidSignatureNow
FNDA:0,SignatureCheckerLib.isValidSignatureNow
FN:274,SignatureCheckerLib.isValidSignatureNow
FNDA:0,SignatureCheckerLib.isValidSignatureNow
FN:342,SignatureCheckerLib.isValidERC1271SignatureNow
FNDA:0,SignatureCheckerLib.isValidERC1271SignatureNow
DA:359,0
FN:378,SignatureCheckerLib.isValidERC1271SignatureNowCalldata
FNDA:0,SignatureCheckerLib.isValidERC1271SignatureNowCalldata
DA:395,0
FN:415,SignatureCheckerLib.isValidERC1271SignatureNow
FNDA:0,SignatureCheckerLib.isValidERC1271SignatureNow
DA:433,0
FN:453,SignatureCheckerLib.isValidERC1271SignatureNow
FNDA:0,SignatureCheckerLib.isValidERC1271SignatureNow
DA:471,0
FN:497,SignatureCheckerLib.toEthSignedMessageHash
FNDA:0,SignatureCheckerLib.toEthSignedMessageHash
DA:502,0
FN:511,SignatureCheckerLib.toEthSignedMessageHash
FNDA:0,SignatureCheckerLib.toEthSignedMessageHash
DA:529,0
FN:539,SignatureCheckerLib.emptySignature
FNDA:0,SignatureCheckerLib.emptySignature
DA:542,0
FNF:11
FNH:1
LF:7
LH:0
BRF:0
BRH:0
end_of_record
TN:
SF:src/core/Attestation.sol
FN:11,Attestation.attest
FNDA:1538,Attestation.attest
DA:12,1538
FN:15,Attestation.attest
FNDA:0,Attestation.attest
DA:16,0
FN:19,Attestation.revoke
FNDA:512,Attestation.revoke
DA:20,512
FN:23,Attestation.revoke
FNDA:0,Attestation.revoke
DA:24,0
FN:27,Attestation.findAttestation
FNDA:520,Attestation.findAttestation
DA:35,520
FN:38,Attestation.findAttestations
FNDA:0,Attestation.findAttestations
DA:46,0
DA:47,0
DA:48,0
DA:49,0
FNF:6
FNH:3
LF:9
LH:3
BRF:0
BRH:0
end_of_record
TN:
SF:src/core/AttestationManager.sol
FN:32,AttestationManager._revoke
FNDA:512,AttestationManager._revoke
DA:33,512
DA:34,512
DA:35,0
FN:38,AttestationManager._revoke
FNDA:0,AttestationManager._revoke
DA:39,0
DA:40,0
DA:41,0
DA:42,0
DA:43,0
DA:44,0
DA:45,0
BRDA:45,0,0,-
BRDA:45,0,1,-
DA:46,0
BRDA:46,1,0,-
BRDA:46,1,1,-
DA:52,0
FN:55,AttestationManager._attest
FNDA:1542,AttestationManager._attest
DA:62,1542
DA:63,1542
DA:65,518
DA:66,518
FN:69,AttestationManager._attest
FNDA:4,AttestationManager._attest
DA:76,4
DA:77,4
DA:80,4
DA:81,4
DA:82,8
DA:83,8
DA:89,8
BRDA:89,2,0,4
BRDA:89,2,1,4
DA:90,4
BRDA:90,3,0,-
BRDA:90,3,1,4
DA:93,4
DA:94,4
FN:97,AttestationManager._storeAttestation
FNDA:1550,AttestationManager._storeAttestation
DA:105,1550
DA:107,1550
BRDA:107,4,0,608
BRDA:107,4,1,942
DA:108,608
DA:111,942
DA:112,942
DA:114,942
BRDA:114,5,0,-
BRDA:114,5,1,942
DA:115,0
DA:117,942
DA:120,942
DA:121,942
DA:123,942
DA:134,526
DA:136,526
FN:139,AttestationManager._storeRevocation
FNDA:512,AttestationManager._storeRevocation
DA:146,512
DA:149,512
DA:152,512
BRDA:152,6,0,512
BRDA:152,6,1,-
DA:153,512
DA:157,0
BRDA:157,7,0,-
BRDA:157,7,1,-
DA:158,0
DA:162,0
BRDA:162,8,0,-
BRDA:162,8,1,-
DA:163,0
DA:166,0
DA:167,0
DA:169,0
FN:176,AttestationManager._getAttestation
FNDA:524,AttestationManager._getAttestation
DA:185,524
FNF:7
FNH:6
LF:51
LH:33
BRF:18
BRH:7
end_of_record
TN:
SF:src/core/ModuleManager.sol
FN:37,ModuleManager.deployModule
FNDA:0,ModuleManager.deployModule
DA:48,0
DA:49,0
BRDA:49,0,0,-
BRDA:49,0,1,-
DA:53,0
DA:56,0
DA:62,0
FN:65,ModuleManager.registerModule
FNDA:47,ModuleManager.registerModule
DA:72,47
DA:73,47
BRDA:73,1,0,2
BRDA:73,1,1,45
DA:75,45
DA:81,44
FN:84,ModuleManager._storeModuleRecord
FNDA:45,ModuleManager._storeModuleRecord
DA:94,45
BRDA:94,2,0,-
BRDA:94,2,1,45
DA:96,45
BRDA:96,3,0,1
BRDA:96,3,1,44
DA:97,1
DA:100,44
BRDA:100,4,0,-
BRDA:100,4,1,44
DA:103,44
DA:107,44
DA:110,44
FNF:3
FNH:2
LF:16
LH:11
BRF:10
BRH:6
end_of_record
TN:
SF:src/core/ResolverManager.sol
FN:37,ResolverManager.registerResolver
FNDA:42,ResolverManager.registerResolver
DA:43,42
DA:44,42
DA:47,42
DA:50,42
BRDA:50,0,0,-
BRDA:50,0,1,42
DA:51,0
DA:55,42
DA:57,42
FN:60,ResolverManager.setResolver
FNDA:0,ResolverManager.setResolver
DA:68,0
DA:69,0
DA:70,0
FNF:2
FNH:1
LF:10
LH:6
BRF:2
BRH:1
end_of_record
TN:
SF:src/core/SchemaManager.sol
FN:17,SchemaManager.registerSchema
FNDA:42,SchemaManager.registerSchema
DA:27,42
DA:28,42
DA:31,42
DA:33,42
BRDA:33,0,0,-
BRDA:33,0,1,42
DA:36,42
DA:38,42
FNF:1
FNH:1
LF:6
LH:6
BRF:2
BRH:1
end_of_record
TN:
SF:src/core/SignedAttestation.sol
FN:19,SignedAttestation.attest
FNDA:8,SignedAttestation.attest
DA:28,8
DA:29,8
DA:30,8
DA:31,8
BRDA:31,0,0,4
BRDA:31,0,1,4
DA:33,4
FN:36,SignedAttestation.attest
FNDA:8,SignedAttestation.attest
DA:44,8
DA:45,8
DA:46,8
DA:47,8
BRDA:47,1,0,4
BRDA:47,1,1,4
DA:49,4
FN:52,SignedAttestation.revoke
FNDA:0,SignedAttestation.revoke
DA:59,0
DA:60,0
DA:61,0
DA:62,0
BRDA:62,2,0,-
BRDA:62,2,1,-
DA:64,0
FN:67,SignedAttestation.revoke
FNDA:0,SignedAttestation.revoke
DA:74,0
DA:75,0
DA:76,0
DA:77,0
BRDA:77,3,0,-
BRDA:77,3,1,-
DA:79,0
FN:82,SignedAttestation._domainNameAndVersion
FNDA:0,SignedAttestation._domainNameAndVersion
DA:89,0
DA:90,0
FN:93,SignedAttestation.getDigest
FNDA:4,SignedAttestation.getDigest
DA:101,4
FN:104,SignedAttestation.getDigest
FNDA:4,SignedAttestation.getDigest
DA:112,4
FNF:7
FNH:4
LF:24
LH:12
BRF:8
BRH:4
end_of_record
TN:
SF:src/core/TrustManager.sol
FN:33,TrustManager.trustAttesters
FNDA:258,TrustManager.trustAttesters
DA:34,258
DA:35,258
DA:36,258
DA:37,258
BRDA:37,0,0,-
BRDA:37,0,1,258
DA:38,258
BRDA:38,1,0,1
BRDA:38,1,1,257
DA:41,257
DA:43,257
BRDA:43,2,0,-
BRDA:43,2,1,257
DA:44,0
DA:47,257
DA:48,257
DA:49,257
DA:51,257
DA:52,257
DA:53,12627
DA:54,12627
BRDA:54,3,0,-
BRDA:54,3,1,12627
DA:55,12627
FN:59,TrustManager.getTrustedAttesters
FNDA:257,TrustManager.getTrustedAttesters
DA:60,257
FN:63,TrustManager.getTrustedAttesters
FNDA:0,TrustManager.getTrustedAttesters
DA:68,257
DA:69,257
DA:70,257
DA:71,257
DA:73,257
DA:75,12627
FN:79,TrustManager.check
FNDA:1,TrustManager.check
DA:80,1
FN:83,TrustManager.checkForAccount
FNDA:1,TrustManager.checkForAccount
DA:84,1
FN:87,TrustManager.check
FNDA:1,TrustManager.check
DA:88,1
FN:91,TrustManager.checkForAccount
FNDA:1,TrustManager.checkForAccount
DA:99,1
FN:102,TrustManager._check
FNDA:2,TrustManager._check
DA:103,2
DA:105,2
DA:106,2
DA:107,2
DA:110,2
BRDA:110,4,0,-
BRDA:110,4,1,2
DA:111,0
DA:115,2
BRDA:115,5,0,-
BRDA:115,5,1,2
DA:116,0
DA:117,0
DA:118,0
DA:123,2
DA:124,2
DA:125,2
DA:126,0
DA:127,0
DA:129,0
DA:130,0
DA:131,0
DA:133,0
BRDA:133,6,0,-
BRDA:133,6,1,-
FN:138,TrustManager._check
FNDA:2,TrustManager._check
DA:139,2
DA:141,2
DA:142,2
DA:143,2
DA:146,2
BRDA:146,7,0,-
BRDA:146,7,1,2
DA:147,0
DA:151,2
BRDA:151,8,0,-
BRDA:151,8,1,2
DA:152,0
DA:153,0
DA:154,0
DA:159,2
DA:160,2
DA:161,2
DA:162,0
DA:163,0
DA:165,0
DA:166,0
DA:167,0
DA:169,0
BRDA:169,9,0,-
BRDA:169,9,1,-
FN:174,TrustManager._requireValidAttestation
FNDA:2,TrustManager._requireValidAttestation
DA:182,2
DA:183,2
DA:184,2
DA:185,2
DA:187,2
BRDA:187,10,0,2
BRDA:187,10,1,-
DA:188,2
DA:191,0
BRDA:191,11,0,-
BRDA:191,11,1,-
DA:192,0
DA:195,0
BRDA:195,12,0,-
BRDA:195,12,1,-
DA:196,0
DA:198,0
BRDA:198,13,0,-
BRDA:198,13,1,-
DA:199,0
FN:203,TrustManager._requireValidAttestation
FNDA:2,TrustManager._requireValidAttestation
DA:205,2
DA:206,2
DA:207,2
DA:209,2
BRDA:209,14,0,2
BRDA:209,14,1,-
DA:210,2
DA:213,0
BRDA:213,15,0,-
BRDA:213,15,1,-
DA:214,0
DA:217,0
BRDA:217,16,0,-
BRDA:217,16,1,-
DA:218,0
FNF:11
FNH:10
LF:86
LH:55
BRF:34
BRH:11
end_of_record
TN:
SF:src/lib/AttestationLib.sol
FN:15,AttestationLib.sload2
FNDA:0,AttestationLib.sload2
DA:16,0
FN:19,AttestationLib.sstore2
FNDA:0,AttestationLib.sstore2
DA:30,0
FN:33,AttestationLib.sstore2Salt
FNDA:0,AttestationLib.sstore2Salt
DA:34,0
FN:37,AttestationLib.hash
FNDA:0,AttestationLib.hash
DA:45,0
FN:48,AttestationLib.hash
FNDA:0,AttestationLib.hash
DA:56,0
FN:59,AttestationLib.hash
FNDA:0,AttestationLib.hash
DA:67,0
FN:70,AttestationLib.hash
FNDA:0,AttestationLib.hash
DA:78,0
FNF:7
FNH:0
LF:7
LH:0
BRF:0
BRH:0
end_of_record
TN:
SF:src/lib/Helpers.sol
FN:14,UIDLib.getUID
FNDA:0,UIDLib.getUID
DA:15,0
FN:27,UIDLib.getUID
FNDA:0,UIDLib.getUID
DA:28,0
FNF:2
FNH:0
LF:2
LH:0
BRF:0
BRH:0
end_of_record
TN:
SF:src/lib/ModuleDeploymentLib.sol
FN:17,ModuleDeploymentLib.codeHash
FNDA:0,ModuleDeploymentLib.codeHash
DA:20,0
BRDA:20,0,0,-
DA:21,0
FN:38,ModuleDeploymentLib.deploy
FNDA:0,ModuleDeploymentLib.deploy
DA:47,0
DA:50,0
DA:56,0
DA:58,0
BRDA:58,1,0,-
DA:59,0
FN:75,ModuleDeploymentLib.calcAddress
FNDA:0,ModuleDeploymentLib.calcAddress
DA:76,0
DA:77,0
DA:79,0
FNF:3
FNH:0
LF:10
LH:0
BRF:2
BRH:0
end_of_record
TN:
SF:src/lib/ModuleTypeLib.sol
FN:8,ModuleTypeLib.isType
FNDA:0,ModuleTypeLib.isType
DA:9,0
FN:12,ModuleTypeLib.pack
FNDA:0,ModuleTypeLib.pack
DA:13,0
DA:14,0
DA:15,0
DA:16,0
DA:18,0
FN:21,ModuleTypeLib.packCalldata
FNDA:0,ModuleTypeLib.packCalldata
DA:26,0
DA:27,0
DA:28,0
DA:29,0
BRDA:29,0,0,-
BRDA:29,0,1,-
DA:30,0
DA:32,0
FNF:3
FNH:0
LF:12
LH:0
BRF:2
BRH:0
end_of_record
TN:
SF:src/lib/StubLib.sol
FN:12,StubLib.requireExternalSchemaValidation
FNDA:0,StubLib.requireExternalSchemaValidation
DA:20,0
BRDA:20,0,0,-
BRDA:20,0,1,-
DA:22,0
DA:25,0
DA:26,0
BRDA:24,1,0,-
BRDA:24,1,1,-
DA:28,0
FN:32,StubLib.requireExternalSchemaValidation
FNDA:0,StubLib.requireExternalSchemaValidation
DA:40,0
BRDA:40,2,0,-
BRDA:40,2,1,-
DA:42,0
DA:45,0
DA:46,0
BRDA:44,3,0,-
BRDA:44,3,1,-
DA:48,0
FN:52,StubLib.requireExternalResolverOnAttestation
FNDA:0,StubLib.requireExternalResolverOnAttestation
DA:58,0
DA:60,0
BRDA:60,4,0,-
BRDA:60,4,1,-
DA:61,0
BRDA:61,5,0,-
BRDA:61,5,1,-
DA:62,0
FN:66,StubLib.requireExternalResolverOnAttestation
FNDA:0,StubLib.requireExternalResolverOnAttestation
DA:72,0
DA:74,0
BRDA:74,6,0,-
BRDA:74,6,1,-
DA:76,0
BRDA:76,7,0,-
BRDA:76,7,1,-
DA:77,0
FN:81,StubLib.requireExternalResolverOnRevocation
FNDA:0,StubLib.requireExternalResolverOnRevocation
DA:87,0
DA:89,0
BRDA:89,8,0,-
BRDA:89,8,1,-
DA:90,0
BRDA:90,9,0,-
BRDA:90,9,1,-
DA:91,0
FN:95,StubLib.requireExternalResolverOnRevocation
FNDA:0,StubLib.requireExternalResolverOnRevocation
DA:101,0
DA:103,0
BRDA:103,10,0,-
BRDA:103,10,1,-
DA:105,0
BRDA:105,11,0,-
BRDA:105,11,1,-
DA:106,0
FN:110,StubLib.requireExternalResolverOnModuleRegistration
FNDA:0,StubLib.requireExternalResolverOnModuleRegistration
DA:116,0
DA:118,0
BRDA:118,12,0,-
BRDA:118,12,1,-
DA:120,0
BRDA:120,13,0,-
BRDA:120,13,1,-
DA:121,0
FNF:7
FNH:0
LF:30
LH:0
BRF:28
BRH:0
end_of_record
TN:
SF:test/Base.t.sol
FN:44,BaseTest.setUp
FNDA:0,BaseTest.setUp
DA:45,0
DA:46,0
DA:48,0
DA:49,0
DA:51,0
DA:52,0
DA:54,0
DA:55,0
DA:57,0
DA:58,0
DA:60,0
DA:61,0
DA:63,0
DA:64,0
DA:66,0
DA:67,0
DA:69,0
DA:70,0
DA:71,0
DA:73,0
FN:82,BaseTest.initDefaultEnv
FNDA:0,BaseTest.initDefaultEnv
DA:83,0
DA:84,0
DA:85,0
DA:86,0
DA:90,0
DA:91,0
FNF:2
FNH:0
LF:26
LH:0
BRF:0
BRH:0
end_of_record
TN:
SF:test/mocks/MockERC1271Attester.sol
FN:8,MockERC1271Attester.isValidSignature
FNDA:8,MockERC1271Attester.isValidSignature
DA:9,8
BRDA:9,0,0,4
BRDA:9,0,1,4
DA:10,4
FNF:1
FNH:1
LF:2
LH:2
BRF:2
BRH:2
end_of_record
TN:
SF:test/mocks/MockModule.sol
FN:5,MockModule.foo
FNDA:0,MockModule.foo
DA:6,0
FNF:1
FNH:0
LF:1
LH:0
BRF:0
BRH:0
end_of_record
TN:
SF:test/mocks/MockResolver.sol
FN:17,MockResolver.reset
FNDA:2,MockResolver.reset
DA:18,2
DA:19,2
DA:20,2
FN:23,MockResolver.supportsInterface
FNDA:42,MockResolver.supportsInterface
DA:24,42
BRDA:24,0,0,42
BRDA:24,0,1,-
FN:27,MockResolver.resolveAttestation
FNDA:0,MockResolver.resolveAttestation
DA:33,0
DA:34,0
FN:37,MockResolver.resolveAttestation
FNDA:0,MockResolver.resolveAttestation
DA:43,0
DA:44,0
FN:47,MockResolver.resolveRevocation
FNDA:0,MockResolver.resolveRevocation
DA:53,0
DA:54,0
FN:57,MockResolver.resolveRevocation
FNDA:0,MockResolver.resolveRevocation
DA:63,0
DA:64,0
FN:67,MockResolver.resolveModuleRegistration
FNDA:0,MockResolver.resolveModuleRegistration
DA:73,0
DA:74,0
FNF:7
FNH:2
LF:14
LH:4
BRF:2
BRH:1
end_of_record
TN:
SF:test/mocks/MockSchemaValidator.sol
FN:13,MockSchemaValidator.supportsInterface
FNDA:42,MockSchemaValidator.supportsInterface
DA:14,42
BRDA:14,0,0,42
BRDA:14,0,1,-
FN:17,MockSchemaValidator.validateSchema
FNDA:518,MockSchemaValidator.validateSchema
DA:23,518
FN:26,MockSchemaValidator.validateSchema
FNDA:4,MockSchemaValidator.validateSchema
DA:32,4
FNF:3
FNH:3
LF:3
LH:3
BRF:2
BRH:1
end_of_record
